#
# A fatal error has been detected by the Java Runtime Environment:
#
#  EXCEPTION_ACCESS_VIOLATION (0xc0000005) at pc=0x00007ffd29cda038, pid=11848, tid=4136
#
# JRE version: Java(TM) SE Runtime Environment (21.0.6+8) (build 21.0.6+8-LTS-188)
# Java VM: Java HotSpot(TM) 64-Bit Server VM (21.0.6+8-LTS-188, mixed mode, sharing, tiered, compressed oops, compressed class ptrs, g1 gc, windows-amd64)
# Problematic frame:
# V  [jvm.dll+0x3ba038]
#
# No core dump will be written. Minidumps are not enabled by default on client versions of Windows
#
# If you would like to submit a bug report, please visit:
#   https://bugreport.java.com/bugreport/crash.jsp
#

---------------  S U M M A R Y ------------

Command Line: -Dclassworlds.conf=C:\Program Files\Maven\apache-maven-3.8.8\bin\m2.conf -Dmaven.home=C:\Program Files\Maven\apache-maven-3.8.8 -Dlibrary.jansi.path=C:\Program Files\Maven\apache-maven-3.8.8\lib\jansi-native -Dmaven.multiModuleProjectDirectory=C:\Users\binit\eclipse-workspace\EcommerceRunner org.codehaus.plexus.classworlds.launcher.Launcher test -Pparallel

Host: Intel(R) Core(TM) i5-8350U CPU @ 1.70GHz, 8 cores, 15G,  Windows 11 , 64 bit Build 22621 (10.0.22621.5124)
Time: Sun Apr 20 23:38:32 2025 W. Europe Daylight Time elapsed time: 2.328914 seconds (0d 0h 0m 2s)

---------------  T H R E A D  ---------------

Current thread (0x000001eae34dade0):  JavaThread "C2 CompilerThread2" daemon [_thread_in_native, id=4136, stack(0x0000009df3a00000,0x0000009df3b00000) (1024K)]


Current CompileTask:
C2:   2329 3526       4       java.util.regex.Pattern$CharPropertyGreedy::match (160 bytes)

Stack: [0x0000009df3a00000,0x0000009df3b00000],  sp=0x0000009df3afc950,  free space=1010k
Native frames: (J=compiled Java code, j=interpreted, Vv=VM code, C=native code)
V  [jvm.dll+0x3ba038]
V  [jvm.dll+0x3ba4f9]
V  [jvm.dll+0x22831d]
V  [jvm.dll+0x2279f7]
V  [jvm.dll+0x227a66]
V  [jvm.dll+0x1df6ad]
V  [jvm.dll+0x246a72]
V  [jvm.dll+0x245eff]
V  [jvm.dll+0x1c6d2e]
V  [jvm.dll+0x2554f9]
V  [jvm.dll+0x253a8a]
V  [jvm.dll+0x3ee576]
V  [jvm.dll+0x7ff2fb]
V  [jvm.dll+0x6c8dbd]
C  [ucrtbase.dll+0x29333]
C  [KERNEL32.DLL+0x1259d]
C  [ntdll.dll+0x5af38]


siginfo: EXCEPTION_ACCESS_VIOLATION (0xc0000005), reading address 0x0000000000040000


Registers:
RAX=0x0000000000040000, RBX=0x0000009df3afe510, RCX=0x0000009df3aff2d0, RDX=0x00007ffd2a545f90
RSP=0x0000009df3afc950, RBP=0x0000009df3afca00, RSI=0x000000000000042b, RDI=0x0000009df3afcdb0
R8 =0x0000000000000005, R9 =0x0000000000000000, R10=0x000001eae4c1dee0, R11=0x00000000000001d3
R12=0x000000000000042b, R13=0x000000000000000a, R14=0x000000000000042b, R15=0x0000009df3afcab0
RIP=0x00007ffd29cda038, EFLAGS=0x0000000000010206


Register to memory mapping:

RAX=0x0000000000040000 is an unknown value
RBX=0x0000009df3afe510 is pointing into the stack for thread: 0x000001eae34dade0
RCX=0x0000009df3aff2d0 is pointing into the stack for thread: 0x000001eae34dade0
RDX=0x00007ffd2a545f90 jvm.dll
RSP=0x0000009df3afc950 is pointing into the stack for thread: 0x000001eae34dade0
RBP=0x0000009df3afca00 is pointing into the stack for thread: 0x000001eae34dade0
RSI=0x000000000000042b is an unknown value
RDI=0x0000009df3afcdb0 is pointing into the stack for thread: 0x000001eae34dade0
R8 =0x0000000000000005 is an unknown value
R9 =0x0 is null
R10=0x000001eae4c1dee0 points into unknown readable memory: 0x405c9f7aa33bf410 | 10 f4 3b a3 7a 9f 5c 40
R11=0x00000000000001d3 is an unknown value
R12=0x000000000000042b is an unknown value
R13=0x000000000000000a is an unknown value
R14=0x000000000000042b is an unknown value
R15=0x0000009df3afcab0 is pointing into the stack for thread: 0x000001eae34dade0

Top of Stack: (sp=0x0000009df3afc950)
0x0000009df3afc950:   0000000000000048 000001ea00000001
0x0000009df3afc960:   000000000002e1b0 000001eae48d9e40
0x0000009df3afc970:   0000000000000000 00007ffd29cda4f9
0x0000009df3afc980:   0000000000000000 0000009df3afca00
0x0000009df3afc990:   00000000000001d1 0000000000007fd8
0x0000009df3afc9a0:   000001eae48d9e40 000001eae4c1dee0
0x0000009df3afc9b0:   000001eae4c04260 000001eae4c1e300
0x0000009df3afc9c0:   0000000000000000 000000010000042b
0x0000009df3afc9d0:   0000000500000005 000001eae3e28b80
0x0000009df3afc9e0:   000001eae48c2390 000001eae48c2380
0x0000009df3afc9f0:   0000000000000001 00000000000001d3
0x0000009df3afca00:   000000000002e1b0 000001eae374b198
0x0000009df3afca10:   000001eae374b198 0000000000000431
0x0000009df3afca20:   0000000000014110 000000000000000c
0x0000009df3afca30:   0000009df3afcd90 00007ffd29b4831d
0x0000009df3afca40:   0000000000000005 000000000000000a
0x0000009df3afca50:   0000009d00000004 000001ea0000000c
0x0000009df3afca60:   0000009df3afcc90 0000009df3afcab0
0x0000009df3afca70:   000001eae4b08c38 000001eae4b08c38
0x0000009df3afca80:   000001eae3794d18 0000009d0000000c
0x0000009df3afca90:   000001eae432ad40 000001eae432ad40
0x0000009df3afcaa0:   000001eae374b198 0000000000000020
0x0000009df3afcab0:   0000000005155455 0000000000000000
0x0000009df3afcac0:   0000000000000000 0000000000000000
0x0000009df3afcad0:   0000000000000000 0000000000000000
0x0000009df3afcae0:   0000000000000000 0000000000000000
0x0000009df3afcaf0:   0000000000000000 0000000000000000
0x0000009df3afcb00:   0000000000000000 0000000000000000
0x0000009df3afcb10:   000001eae376b2d0 000001eae5275cc8
0x0000009df3afcb20:   0000000000000001 000001eae376b2e0
0x0000009df3afcb30:   0000000000000003 000001eae3794968
0x0000009df3afcb40:   0000009df3afcd90 00007ffd29b479f7 

Instructions: (pc=0x00007ffd29cda038)
0x00007ffd29cd9f38:   48 8b 4f 28 48 85 c9 74 07 8b d3 e8 58 01 00 00
0x00007ffd29cd9f48:   ff c3 3b 5f 14 72 b1 33 c0 48 8b 5c 24 30 48 8b
0x00007ffd29cd9f58:   6c 24 38 48 8b 74 24 40 48 83 c4 20 5f c3 8b 47
0x00007ffd29cd9f68:   10 48 8b 74 24 40 44 8d 04 82 41 c1 e0 06 41 81
0x00007ffd29cd9f78:   c0 00 ff ff ff 44 89 47 08 49 8b 12 48 0f bc c2
0x00007ffd29cd9f88:   44 89 4f 0c 8b c8 48 d3 ea 48 ff ca 41 03 c0 48
0x00007ffd29cd9f98:   89 17 89 47 08 48 83 c4 20 5f c3 8b c8 44 8d 04
0x00007ffd29cd9fa8:   98 41 c1 e0 06 8d 43 01 44 89 47 08 48 8b 14 ca
0x00007ffd29cd9fb8:   89 47 10 48 0f bc c2 44 89 4f 0c 8b c8 48 d3 ea
0x00007ffd29cd9fc8:   48 ff ca 41 03 c0 48 89 17 89 47 08 e9 78 ff ff
0x00007ffd29cd9fd8:   ff cc cc cc cc cc cc cc 40 53 48 83 ec 20 65 48
0x00007ffd29cd9fe8:   8b 04 25 58 00 00 00 8b 0d b3 3b 8b 00 48 8b 1c
0x00007ffd29cd9ff8:   c8 b8 70 00 00 00 80 3c 18 00 75 05 e8 07 97 53
0x00007ffd29cda008:   00 b8 20 00 00 00 48 8b 04 18 48 8b 88 60 06 00
0x00007ffd29cda018:   00 48 8b 99 80 00 00 00 48 8b 83 d8 08 00 00 48
0x00007ffd29cda028:   85 c0 75 0c e8 2f 07 00 00 48 8b 83 d8 08 00 00
0x00007ffd29cda038:   48 8b 08 0f 57 c0 48 89 8b d8 08 00 00 0f 11 00
0x00007ffd29cda048:   0f 11 40 10 48 83 c4 20 5b c3 cc cc cc cc cc cc
0x00007ffd29cda058:   cc cc cc cc cc cc cc cc 48 89 5c 24 08 57 48 83
0x00007ffd29cda068:   ec 20 8b da 48 8b f9 e8 6c ff ff ff c1 eb 08 3b
0x00007ffd29cda078:   5f 04 72 08 44 8d 43 01 44 89 47 04 48 8b 4f 08
0x00007ffd29cda088:   48 89 04 d9 48 8b 5c 24 30 48 83 c4 20 5f c3 cc
0x00007ffd29cda098:   cc cc cc cc cc cc cc cc 48 89 5c 24 08 48 89 6c
0x00007ffd29cda0a8:   24 10 48 89 74 24 18 57 41 56 41 57 48 83 ec 20
0x00007ffd29cda0b8:   8b c2 48 8b f9 8b 15 e5 3a 8b 00 41 be 70 00 00
0x00007ffd29cda0c8:   00 48 8d 34 c5 00 00 00 00 48 8b 41 08 48 8b 1c
0x00007ffd29cda0d8:   06 65 48 8b 04 25 58 00 00 00 48 8b 2c d0 41 80
0x00007ffd29cda0e8:   3c 2e 00 75 05 e8 1e 96 53 00 41 bf 20 00 00 00
0x00007ffd29cda0f8:   49 8b 04 2f 48 8b 88 60 06 00 00 48 8b 81 80 00
0x00007ffd29cda108:   00 00 48 8b 88 d8 08 00 00 48 89 0b 41 80 3c 2e
0x00007ffd29cda118:   00 75 05 e8 f0 95 53 00 49 8b 04 2f 48 8b 6c 24
0x00007ffd29cda128:   48 48 8b 88 60 06 00 00 48 8b 81 80 00 00 00 48 


Stack slot to memory mapping:

stack at sp + 0 slots: 0x0000000000000048 is an unknown value
stack at sp + 1 slots: 0x000001ea00000001 is an unknown value
stack at sp + 2 slots: 0x000000000002e1b0 is an unknown value
stack at sp + 3 slots: 0x000001eae48d9e40 points into unknown readable memory: 0x000000050000000b | 0b 00 00 00 05 00 00 00
stack at sp + 4 slots: 0x0 is null
stack at sp + 5 slots: 0x00007ffd29cda4f9 jvm.dll
stack at sp + 6 slots: 0x0 is null
stack at sp + 7 slots: 0x0000009df3afca00 is pointing into the stack for thread: 0x000001eae34dade0


---------------  P R O C E S S  ---------------

Threads class SMR info:
_java_thread_list=0x000001eae363f3c0, length=13, elements={
0x000001eafc3a6d20, 0x000001ea9d875b80, 0x000001ea9d876830, 0x000001ea9d8785f0,
0x000001ea9d87e8b0, 0x000001ea9d87f690, 0x000001ea9d886a90, 0x000001ea9d895650,
0x000001ea9d895cf0, 0x000001ea9da16670, 0x000001ea9da1b4d0, 0x000001eae3281650,
0x000001eae34dade0
}

Java Threads: ( => current thread )
  0x000001eafc3a6d20 JavaThread "main"                              [_thread_in_Java, id=30892, stack(0x0000009df2600000,0x0000009df2700000) (1024K)]
  0x000001ea9d875b80 JavaThread "Reference Handler"          daemon [_thread_blocked, id=2632, stack(0x0000009df2f00000,0x0000009df3000000) (1024K)]
  0x000001ea9d876830 JavaThread "Finalizer"                  daemon [_thread_blocked, id=15944, stack(0x0000009df3000000,0x0000009df3100000) (1024K)]
  0x000001ea9d8785f0 JavaThread "Signal Dispatcher"          daemon [_thread_blocked, id=18916, stack(0x0000009df3100000,0x0000009df3200000) (1024K)]
  0x000001ea9d87e8b0 JavaThread "Attach Listener"            daemon [_thread_blocked, id=11508, stack(0x0000009df3200000,0x0000009df3300000) (1024K)]
  0x000001ea9d87f690 JavaThread "Service Thread"             daemon [_thread_blocked, id=1452, stack(0x0000009df3300000,0x0000009df3400000) (1024K)]
  0x000001ea9d886a90 JavaThread "Monitor Deflation Thread"   daemon [_thread_blocked, id=29140, stack(0x0000009df3400000,0x0000009df3500000) (1024K)]
  0x000001ea9d895650 JavaThread "C2 CompilerThread0"         daemon [_thread_in_native, id=16012, stack(0x0000009df3500000,0x0000009df3600000) (1024K)]
  0x000001ea9d895cf0 JavaThread "C1 CompilerThread0"         daemon [_thread_in_vm, id=16656, stack(0x0000009df3600000,0x0000009df3700000) (1024K)]
  0x000001ea9da16670 JavaThread "Notification Thread"        daemon [_thread_blocked, id=8916, stack(0x0000009df3700000,0x0000009df3800000) (1024K)]
  0x000001ea9da1b4d0 JavaThread "Common-Cleaner"             daemon [_thread_blocked, id=26352, stack(0x0000009df3800000,0x0000009df3900000) (1024K)]
  0x000001eae3281650 JavaThread "C2 CompilerThread1"         daemon [_thread_in_native, id=21092, stack(0x0000009df3900000,0x0000009df3a00000) (1024K)]
=>0x000001eae34dade0 JavaThread "C2 CompilerThread2"         daemon [_thread_in_native, id=4136, stack(0x0000009df3a00000,0x0000009df3b00000) (1024K)]
Total: 13

Other Threads:
  0x000001ea9d85d670 VMThread "VM Thread"                           [id=11784, stack(0x0000009df2e00000,0x0000009df2f00000) (1024K)]
  0x000001ea9d84e070 WatcherThread "VM Periodic Task Thread"        [id=17936, stack(0x0000009df2d00000,0x0000009df2e00000) (1024K)]
  0x000001eafe737630 WorkerThread "GC Thread#0"                     [id=1456, stack(0x0000009df2800000,0x0000009df2900000) (1024K)]
  0x000001eae3fe6690 WorkerThread "GC Thread#1"                     [id=27732, stack(0x0000009df3b00000,0x0000009df3c00000) (1024K)]
  0x000001eae3fe5f50 WorkerThread "GC Thread#2"                     [id=6276, stack(0x0000009df3c00000,0x0000009df3d00000) (1024K)]
  0x000001eae3fe6dd0 WorkerThread "GC Thread#3"                     [id=10088, stack(0x0000009df3d00000,0x0000009df3e00000) (1024K)]
  0x000001eae3fe62f0 WorkerThread "GC Thread#4"                     [id=17248, stack(0x0000009df3e00000,0x0000009df3f00000) (1024K)]
  0x000001eae3fe6a30 WorkerThread "GC Thread#5"                     [id=15756, stack(0x0000009df3f00000,0x0000009df4000000) (1024K)]
  0x000001eae3fe7510 WorkerThread "GC Thread#6"                     [id=11940, stack(0x0000009df4000000,0x0000009df4100000) (1024K)]
  0x000001eae3fe7170 WorkerThread "GC Thread#7"                     [id=26244, stack(0x0000009df4100000,0x0000009df4200000) (1024K)]
  0x000001eafe748540 ConcurrentGCThread "G1 Main Marker"            [id=1736, stack(0x0000009df2900000,0x0000009df2a00000) (1024K)]
  0x000001eafe7497e0 WorkerThread "G1 Conc#0"                       [id=1280, stack(0x0000009df2a00000,0x0000009df2b00000) (1024K)]
  0x000001ea9d720e00 ConcurrentGCThread "G1 Refine#0"               [id=25864, stack(0x0000009df2b00000,0x0000009df2c00000) (1024K)]
  0x000001ea9d721780 ConcurrentGCThread "G1 Service"                [id=11500, stack(0x0000009df2c00000,0x0000009df2d00000) (1024K)]
Total: 14

Threads with active compile tasks:
C2 CompilerThread0     2401 3501   !   4       org.apache.maven.model.Plugin::clone (204 bytes)
C1 CompilerThread0     2401 3673       3       com.google.common.collect.CompactHashMap::insertEntry (31 bytes)
C2 CompilerThread1     2401 3336   !   4       org.codehaus.plexus.interpolation.StringSearchInterpolator::interpolate (668 bytes)
C2 CompilerThread2     2401 3526       4       java.util.regex.Pattern$CharPropertyGreedy::match (160 bytes)
Total: 4

VM state: not at safepoint (normal execution)

VM Mutex/Monitor currently owned by a thread: None

Heap address: 0x0000000702600000, size: 4058 MB, Compressed Oops mode: Zero based, Oop shift amount: 3

CDS archive(s) mapped at: [0x000001ea9e000000-0x000001ea9ec90000-0x000001ea9ec90000), size 13172736, SharedBaseAddress: 0x000001ea9e000000, ArchiveRelocationMode: 1.
Compressed class space mapped at: 0x000001ea9f000000-0x000001eadf000000, reserved size: 1073741824
Narrow klass base: 0x000001ea9e000000, Narrow klass shift: 0, Narrow klass range: 0x100000000

GC Precious Log:
 CardTable entry size: 512
 Card Set container configuration: InlinePtr #cards 4 size 8 Array Of Cards #cards 16 size 48 Howl #buckets 8 coarsen threshold 3686 Howl Bitmap #cards 512 size 80 coarsen threshold 460 Card regions per heap region 1 cards per card region 4096
 CPUs: 8 total, 8 available
 Memory: 16227M
 Large Page Support: Disabled
 NUMA Support: Disabled
 Compressed Oops: Enabled (Zero based)
 Heap Region Size: 2M
 Heap Min Capacity: 8M
 Heap Initial Capacity: 254M
 Heap Max Capacity: 4058M
 Pre-touch: Disabled
 Parallel Workers: 8
 Concurrent Workers: 2
 Concurrent Refinement Workers: 8
 Periodic GC: Disabled

Heap:
 garbage-first heap   total 260096K, used 84296K [0x0000000702600000, 0x0000000800000000)
  region size 2048K, 41 young (83968K), 2 survivors (4096K)
 Metaspace       used 13950K, committed 14208K, reserved 1114112K
  class space    used 1529K, committed 1664K, reserved 1048576K

Heap Regions: E=young(eden), S=young(survivor), O=old, HS=humongous(starts), HC=humongous(continues), CS=collection set, F=free, TAMS=top-at-mark-start, PB=parsable bottom
|   0|0x0000000702600000, 0x0000000702800000, 0x0000000702800000|100%| O|  |TAMS 0x0000000702600000| PB 0x0000000702600000| Untracked 
|   1|0x0000000702800000, 0x000000070295da38, 0x0000000702a00000| 68%| O|  |TAMS 0x0000000702800000| PB 0x0000000702800000| Untracked 
|   2|0x0000000702a00000, 0x0000000702a00000, 0x0000000702c00000|  0%| F|  |TAMS 0x0000000702a00000| PB 0x0000000702a00000| Untracked 
|   3|0x0000000702c00000, 0x0000000702c00000, 0x0000000702e00000|  0%| F|  |TAMS 0x0000000702c00000| PB 0x0000000702c00000| Untracked 
|   4|0x0000000702e00000, 0x0000000702e00000, 0x0000000703000000|  0%| F|  |TAMS 0x0000000702e00000| PB 0x0000000702e00000| Untracked 
|   5|0x0000000703000000, 0x0000000703000000, 0x0000000703200000|  0%| F|  |TAMS 0x0000000703000000| PB 0x0000000703000000| Untracked 
|   6|0x0000000703200000, 0x0000000703200000, 0x0000000703400000|  0%| F|  |TAMS 0x0000000703200000| PB 0x0000000703200000| Untracked 
|   7|0x0000000703400000, 0x0000000703400000, 0x0000000703600000|  0%| F|  |TAMS 0x0000000703400000| PB 0x0000000703400000| Untracked 
|   8|0x0000000703600000, 0x0000000703600000, 0x0000000703800000|  0%| F|  |TAMS 0x0000000703600000| PB 0x0000000703600000| Untracked 
|   9|0x0000000703800000, 0x0000000703800000, 0x0000000703a00000|  0%| F|  |TAMS 0x0000000703800000| PB 0x0000000703800000| Untracked 
|  10|0x0000000703a00000, 0x0000000703a00000, 0x0000000703c00000|  0%| F|  |TAMS 0x0000000703a00000| PB 0x0000000703a00000| Untracked 
|  11|0x0000000703c00000, 0x0000000703c00000, 0x0000000703e00000|  0%| F|  |TAMS 0x0000000703c00000| PB 0x0000000703c00000| Untracked 
|  12|0x0000000703e00000, 0x0000000703e00000, 0x0000000704000000|  0%| F|  |TAMS 0x0000000703e00000| PB 0x0000000703e00000| Untracked 
|  13|0x0000000704000000, 0x0000000704000000, 0x0000000704200000|  0%| F|  |TAMS 0x0000000704000000| PB 0x0000000704000000| Untracked 
|  14|0x0000000704200000, 0x0000000704200000, 0x0000000704400000|  0%| F|  |TAMS 0x0000000704200000| PB 0x0000000704200000| Untracked 
|  15|0x0000000704400000, 0x0000000704400000, 0x0000000704600000|  0%| F|  |TAMS 0x0000000704400000| PB 0x0000000704400000| Untracked 
|  16|0x0000000704600000, 0x0000000704600000, 0x0000000704800000|  0%| F|  |TAMS 0x0000000704600000| PB 0x0000000704600000| Untracked 
|  17|0x0000000704800000, 0x0000000704800000, 0x0000000704a00000|  0%| F|  |TAMS 0x0000000704800000| PB 0x0000000704800000| Untracked 
|  18|0x0000000704a00000, 0x0000000704a00000, 0x0000000704c00000|  0%| F|  |TAMS 0x0000000704a00000| PB 0x0000000704a00000| Untracked 
|  19|0x0000000704c00000, 0x0000000704c00000, 0x0000000704e00000|  0%| F|  |TAMS 0x0000000704c00000| PB 0x0000000704c00000| Untracked 
|  20|0x0000000704e00000, 0x0000000704e00000, 0x0000000705000000|  0%| F|  |TAMS 0x0000000704e00000| PB 0x0000000704e00000| Untracked 
|  21|0x0000000705000000, 0x0000000705000000, 0x0000000705200000|  0%| F|  |TAMS 0x0000000705000000| PB 0x0000000705000000| Untracked 
|  22|0x0000000705200000, 0x0000000705200000, 0x0000000705400000|  0%| F|  |TAMS 0x0000000705200000| PB 0x0000000705200000| Untracked 
|  23|0x0000000705400000, 0x0000000705400000, 0x0000000705600000|  0%| F|  |TAMS 0x0000000705400000| PB 0x0000000705400000| Untracked 
|  24|0x0000000705600000, 0x0000000705600000, 0x0000000705800000|  0%| F|  |TAMS 0x0000000705600000| PB 0x0000000705600000| Untracked 
|  25|0x0000000705800000, 0x0000000705800000, 0x0000000705a00000|  0%| F|  |TAMS 0x0000000705800000| PB 0x0000000705800000| Untracked 
|  26|0x0000000705a00000, 0x0000000705a00000, 0x0000000705c00000|  0%| F|  |TAMS 0x0000000705a00000| PB 0x0000000705a00000| Untracked 
|  27|0x0000000705c00000, 0x0000000705c00000, 0x0000000705e00000|  0%| F|  |TAMS 0x0000000705c00000| PB 0x0000000705c00000| Untracked 
|  28|0x0000000705e00000, 0x0000000705e00000, 0x0000000706000000|  0%| F|  |TAMS 0x0000000705e00000| PB 0x0000000705e00000| Untracked 
|  29|0x0000000706000000, 0x0000000706000000, 0x0000000706200000|  0%| F|  |TAMS 0x0000000706000000| PB 0x0000000706000000| Untracked 
|  30|0x0000000706200000, 0x0000000706200000, 0x0000000706400000|  0%| F|  |TAMS 0x0000000706200000| PB 0x0000000706200000| Untracked 
|  31|0x0000000706400000, 0x0000000706400000, 0x0000000706600000|  0%| F|  |TAMS 0x0000000706400000| PB 0x0000000706400000| Untracked 
|  32|0x0000000706600000, 0x0000000706600000, 0x0000000706800000|  0%| F|  |TAMS 0x0000000706600000| PB 0x0000000706600000| Untracked 
|  33|0x0000000706800000, 0x0000000706800000, 0x0000000706a00000|  0%| F|  |TAMS 0x0000000706800000| PB 0x0000000706800000| Untracked 
|  34|0x0000000706a00000, 0x0000000706a00000, 0x0000000706c00000|  0%| F|  |TAMS 0x0000000706a00000| PB 0x0000000706a00000| Untracked 
|  35|0x0000000706c00000, 0x0000000706c00000, 0x0000000706e00000|  0%| F|  |TAMS 0x0000000706c00000| PB 0x0000000706c00000| Untracked 
|  36|0x0000000706e00000, 0x0000000706e00000, 0x0000000707000000|  0%| F|  |TAMS 0x0000000706e00000| PB 0x0000000706e00000| Untracked 
|  37|0x0000000707000000, 0x0000000707000000, 0x0000000707200000|  0%| F|  |TAMS 0x0000000707000000| PB 0x0000000707000000| Untracked 
|  38|0x0000000707200000, 0x0000000707200000, 0x0000000707400000|  0%| F|  |TAMS 0x0000000707200000| PB 0x0000000707200000| Untracked 
|  39|0x0000000707400000, 0x0000000707400000, 0x0000000707600000|  0%| F|  |TAMS 0x0000000707400000| PB 0x0000000707400000| Untracked 
|  40|0x0000000707600000, 0x0000000707600000, 0x0000000707800000|  0%| F|  |TAMS 0x0000000707600000| PB 0x0000000707600000| Untracked 
|  41|0x0000000707800000, 0x0000000707800000, 0x0000000707a00000|  0%| F|  |TAMS 0x0000000707800000| PB 0x0000000707800000| Untracked 
|  42|0x0000000707a00000, 0x0000000707a00000, 0x0000000707c00000|  0%| F|  |TAMS 0x0000000707a00000| PB 0x0000000707a00000| Untracked 
|  43|0x0000000707c00000, 0x0000000707c00000, 0x0000000707e00000|  0%| F|  |TAMS 0x0000000707c00000| PB 0x0000000707c00000| Untracked 
|  44|0x0000000707e00000, 0x0000000707e00000, 0x0000000708000000|  0%| F|  |TAMS 0x0000000707e00000| PB 0x0000000707e00000| Untracked 
|  45|0x0000000708000000, 0x0000000708000000, 0x0000000708200000|  0%| F|  |TAMS 0x0000000708000000| PB 0x0000000708000000| Untracked 
|  46|0x0000000708200000, 0x0000000708200000, 0x0000000708400000|  0%| F|  |TAMS 0x0000000708200000| PB 0x0000000708200000| Untracked 
|  47|0x0000000708400000, 0x0000000708400000, 0x0000000708600000|  0%| F|  |TAMS 0x0000000708400000| PB 0x0000000708400000| Untracked 
|  48|0x0000000708600000, 0x0000000708600000, 0x0000000708800000|  0%| F|  |TAMS 0x0000000708600000| PB 0x0000000708600000| Untracked 
|  49|0x0000000708800000, 0x0000000708800000, 0x0000000708a00000|  0%| F|  |TAMS 0x0000000708800000| PB 0x0000000708800000| Untracked 
|  50|0x0000000708a00000, 0x0000000708a00000, 0x0000000708c00000|  0%| F|  |TAMS 0x0000000708a00000| PB 0x0000000708a00000| Untracked 
|  51|0x0000000708c00000, 0x0000000708c00000, 0x0000000708e00000|  0%| F|  |TAMS 0x0000000708c00000| PB 0x0000000708c00000| Untracked 
|  52|0x0000000708e00000, 0x0000000708e00000, 0x0000000709000000|  0%| F|  |TAMS 0x0000000708e00000| PB 0x0000000708e00000| Untracked 
|  53|0x0000000709000000, 0x0000000709000000, 0x0000000709200000|  0%| F|  |TAMS 0x0000000709000000| PB 0x0000000709000000| Untracked 
|  54|0x0000000709200000, 0x0000000709200000, 0x0000000709400000|  0%| F|  |TAMS 0x0000000709200000| PB 0x0000000709200000| Untracked 
|  55|0x0000000709400000, 0x0000000709400000, 0x0000000709600000|  0%| F|  |TAMS 0x0000000709400000| PB 0x0000000709400000| Untracked 
|  56|0x0000000709600000, 0x0000000709600000, 0x0000000709800000|  0%| F|  |TAMS 0x0000000709600000| PB 0x0000000709600000| Untracked 
|  57|0x0000000709800000, 0x0000000709800000, 0x0000000709a00000|  0%| F|  |TAMS 0x0000000709800000| PB 0x0000000709800000| Untracked 
|  58|0x0000000709a00000, 0x0000000709a00000, 0x0000000709c00000|  0%| F|  |TAMS 0x0000000709a00000| PB 0x0000000709a00000| Untracked 
|  59|0x0000000709c00000, 0x0000000709c00000, 0x0000000709e00000|  0%| F|  |TAMS 0x0000000709c00000| PB 0x0000000709c00000| Untracked 
|  60|0x0000000709e00000, 0x0000000709e00000, 0x000000070a000000|  0%| F|  |TAMS 0x0000000709e00000| PB 0x0000000709e00000| Untracked 
|  61|0x000000070a000000, 0x000000070a000000, 0x000000070a200000|  0%| F|  |TAMS 0x000000070a000000| PB 0x000000070a000000| Untracked 
|  62|0x000000070a200000, 0x000000070a200000, 0x000000070a400000|  0%| F|  |TAMS 0x000000070a200000| PB 0x000000070a200000| Untracked 
|  63|0x000000070a400000, 0x000000070a400000, 0x000000070a600000|  0%| F|  |TAMS 0x000000070a400000| PB 0x000000070a400000| Untracked 
|  64|0x000000070a600000, 0x000000070a600000, 0x000000070a800000|  0%| F|  |TAMS 0x000000070a600000| PB 0x000000070a600000| Untracked 
|  65|0x000000070a800000, 0x000000070a800000, 0x000000070aa00000|  0%| F|  |TAMS 0x000000070a800000| PB 0x000000070a800000| Untracked 
|  66|0x000000070aa00000, 0x000000070aa00000, 0x000000070ac00000|  0%| F|  |TAMS 0x000000070aa00000| PB 0x000000070aa00000| Untracked 
|  67|0x000000070ac00000, 0x000000070ac00000, 0x000000070ae00000|  0%| F|  |TAMS 0x000000070ac00000| PB 0x000000070ac00000| Untracked 
|  68|0x000000070ae00000, 0x000000070ae00000, 0x000000070b000000|  0%| F|  |TAMS 0x000000070ae00000| PB 0x000000070ae00000| Untracked 
|  69|0x000000070b000000, 0x000000070b000000, 0x000000070b200000|  0%| F|  |TAMS 0x000000070b000000| PB 0x000000070b000000| Untracked 
|  70|0x000000070b200000, 0x000000070b200000, 0x000000070b400000|  0%| F|  |TAMS 0x000000070b200000| PB 0x000000070b200000| Untracked 
|  71|0x000000070b400000, 0x000000070b400000, 0x000000070b600000|  0%| F|  |TAMS 0x000000070b400000| PB 0x000000070b400000| Untracked 
|  72|0x000000070b600000, 0x000000070b600000, 0x000000070b800000|  0%| F|  |TAMS 0x000000070b600000| PB 0x000000070b600000| Untracked 
|  73|0x000000070b800000, 0x000000070b800000, 0x000000070ba00000|  0%| F|  |TAMS 0x000000070b800000| PB 0x000000070b800000| Untracked 
|  74|0x000000070ba00000, 0x000000070ba00000, 0x000000070bc00000|  0%| F|  |TAMS 0x000000070ba00000| PB 0x000000070ba00000| Untracked 
|  75|0x000000070bc00000, 0x000000070bc00000, 0x000000070be00000|  0%| F|  |TAMS 0x000000070bc00000| PB 0x000000070bc00000| Untracked 
|  76|0x000000070be00000, 0x000000070be00000, 0x000000070c000000|  0%| F|  |TAMS 0x000000070be00000| PB 0x000000070be00000| Untracked 
|  77|0x000000070c000000, 0x000000070c000000, 0x000000070c200000|  0%| F|  |TAMS 0x000000070c000000| PB 0x000000070c000000| Untracked 
|  78|0x000000070c200000, 0x000000070c200000, 0x000000070c400000|  0%| F|  |TAMS 0x000000070c200000| PB 0x000000070c200000| Untracked 
|  79|0x000000070c400000, 0x000000070c400000, 0x000000070c600000|  0%| F|  |TAMS 0x000000070c400000| PB 0x000000070c400000| Untracked 
|  80|0x000000070c600000, 0x000000070c600000, 0x000000070c800000|  0%| F|  |TAMS 0x000000070c600000| PB 0x000000070c600000| Untracked 
|  81|0x000000070c800000, 0x000000070c800000, 0x000000070ca00000|  0%| F|  |TAMS 0x000000070c800000| PB 0x000000070c800000| Untracked 
|  82|0x000000070ca00000, 0x000000070ca00000, 0x000000070cc00000|  0%| F|  |TAMS 0x000000070ca00000| PB 0x000000070ca00000| Untracked 
|  83|0x000000070cc00000, 0x000000070cc00000, 0x000000070ce00000|  0%| F|  |TAMS 0x000000070cc00000| PB 0x000000070cc00000| Untracked 
|  84|0x000000070ce00000, 0x000000070ce00000, 0x000000070d000000|  0%| F|  |TAMS 0x000000070ce00000| PB 0x000000070ce00000| Untracked 
|  85|0x000000070d000000, 0x000000070d000000, 0x000000070d200000|  0%| F|  |TAMS 0x000000070d000000| PB 0x000000070d000000| Untracked 
|  86|0x000000070d200000, 0x000000070d29ec28, 0x000000070d400000| 31%| E|  |TAMS 0x000000070d200000| PB 0x000000070d200000| Complete 
|  87|0x000000070d400000, 0x000000070d600000, 0x000000070d600000|100%| E|CS|TAMS 0x000000070d400000| PB 0x000000070d400000| Complete 
|  88|0x000000070d600000, 0x000000070d800000, 0x000000070d800000|100%| E|CS|TAMS 0x000000070d600000| PB 0x000000070d600000| Complete 
|  89|0x000000070d800000, 0x000000070da00000, 0x000000070da00000|100%| E|CS|TAMS 0x000000070d800000| PB 0x000000070d800000| Complete 
|  90|0x000000070da00000, 0x000000070dc00000, 0x000000070dc00000|100%| E|CS|TAMS 0x000000070da00000| PB 0x000000070da00000| Complete 
|  91|0x000000070dc00000, 0x000000070de00000, 0x000000070de00000|100%| E|CS|TAMS 0x000000070dc00000| PB 0x000000070dc00000| Complete 
|  92|0x000000070de00000, 0x000000070e000000, 0x000000070e000000|100%| E|CS|TAMS 0x000000070de00000| PB 0x000000070de00000| Complete 
|  93|0x000000070e000000, 0x000000070e200000, 0x000000070e200000|100%| E|CS|TAMS 0x000000070e000000| PB 0x000000070e000000| Complete 
|  94|0x000000070e200000, 0x000000070e400000, 0x000000070e400000|100%| E|CS|TAMS 0x000000070e200000| PB 0x000000070e200000| Complete 
|  95|0x000000070e400000, 0x000000070e600000, 0x000000070e600000|100%| E|CS|TAMS 0x000000070e400000| PB 0x000000070e400000| Complete 
|  96|0x000000070e600000, 0x000000070e800000, 0x000000070e800000|100%| E|CS|TAMS 0x000000070e600000| PB 0x000000070e600000| Complete 
|  97|0x000000070e800000, 0x000000070ea00000, 0x000000070ea00000|100%| E|CS|TAMS 0x000000070e800000| PB 0x000000070e800000| Complete 
|  98|0x000000070ea00000, 0x000000070ec00000, 0x000000070ec00000|100%| E|CS|TAMS 0x000000070ea00000| PB 0x000000070ea00000| Complete 
|  99|0x000000070ec00000, 0x000000070ee00000, 0x000000070ee00000|100%| E|CS|TAMS 0x000000070ec00000| PB 0x000000070ec00000| Complete 
| 100|0x000000070ee00000, 0x000000070f000000, 0x000000070f000000|100%| E|CS|TAMS 0x000000070ee00000| PB 0x000000070ee00000| Complete 
| 101|0x000000070f000000, 0x000000070f200000, 0x000000070f200000|100%| E|CS|TAMS 0x000000070f000000| PB 0x000000070f000000| Complete 
| 102|0x000000070f200000, 0x000000070f400000, 0x000000070f400000|100%| E|CS|TAMS 0x000000070f200000| PB 0x000000070f200000| Complete 
| 103|0x000000070f400000, 0x000000070f600000, 0x000000070f600000|100%| E|CS|TAMS 0x000000070f400000| PB 0x000000070f400000| Complete 
| 104|0x000000070f600000, 0x000000070f800000, 0x000000070f800000|100%| E|CS|TAMS 0x000000070f600000| PB 0x000000070f600000| Complete 
| 105|0x000000070f800000, 0x000000070fa00000, 0x000000070fa00000|100%| E|CS|TAMS 0x000000070f800000| PB 0x000000070f800000| Complete 
| 106|0x000000070fa00000, 0x000000070fc00000, 0x000000070fc00000|100%| E|CS|TAMS 0x000000070fa00000| PB 0x000000070fa00000| Complete 
| 107|0x000000070fc00000, 0x000000070fcf4880, 0x000000070fe00000| 47%| S|CS|TAMS 0x000000070fc00000| PB 0x000000070fc00000| Complete 
| 108|0x000000070fe00000, 0x0000000710000000, 0x0000000710000000|100%| S|CS|TAMS 0x000000070fe00000| PB 0x000000070fe00000| Complete 
| 109|0x0000000710000000, 0x0000000710200000, 0x0000000710200000|100%| E|CS|TAMS 0x0000000710000000| PB 0x0000000710000000| Complete 
| 110|0x0000000710200000, 0x0000000710400000, 0x0000000710400000|100%| E|CS|TAMS 0x0000000710200000| PB 0x0000000710200000| Complete 
| 111|0x0000000710400000, 0x0000000710600000, 0x0000000710600000|100%| E|CS|TAMS 0x0000000710400000| PB 0x0000000710400000| Complete 
| 112|0x0000000710600000, 0x0000000710800000, 0x0000000710800000|100%| E|CS|TAMS 0x0000000710600000| PB 0x0000000710600000| Complete 
| 113|0x0000000710800000, 0x0000000710a00000, 0x0000000710a00000|100%| E|CS|TAMS 0x0000000710800000| PB 0x0000000710800000| Complete 
| 114|0x0000000710a00000, 0x0000000710c00000, 0x0000000710c00000|100%| E|CS|TAMS 0x0000000710a00000| PB 0x0000000710a00000| Complete 
| 115|0x0000000710c00000, 0x0000000710e00000, 0x0000000710e00000|100%| E|CS|TAMS 0x0000000710c00000| PB 0x0000000710c00000| Complete 
| 116|0x0000000710e00000, 0x0000000711000000, 0x0000000711000000|100%| E|CS|TAMS 0x0000000710e00000| PB 0x0000000710e00000| Complete 
| 117|0x0000000711000000, 0x0000000711200000, 0x0000000711200000|100%| E|CS|TAMS 0x0000000711000000| PB 0x0000000711000000| Complete 
| 118|0x0000000711200000, 0x0000000711400000, 0x0000000711400000|100%| E|CS|TAMS 0x0000000711200000| PB 0x0000000711200000| Complete 
| 119|0x0000000711400000, 0x0000000711600000, 0x0000000711600000|100%| E|CS|TAMS 0x0000000711400000| PB 0x0000000711400000| Complete 
| 120|0x0000000711600000, 0x0000000711800000, 0x0000000711800000|100%| E|CS|TAMS 0x0000000711600000| PB 0x0000000711600000| Complete 
| 121|0x0000000711800000, 0x0000000711a00000, 0x0000000711a00000|100%| E|CS|TAMS 0x0000000711800000| PB 0x0000000711800000| Complete 
| 122|0x0000000711a00000, 0x0000000711c00000, 0x0000000711c00000|100%| E|CS|TAMS 0x0000000711a00000| PB 0x0000000711a00000| Complete 
| 123|0x0000000711c00000, 0x0000000711e00000, 0x0000000711e00000|100%| E|CS|TAMS 0x0000000711c00000| PB 0x0000000711c00000| Complete 
| 124|0x0000000711e00000, 0x0000000712000000, 0x0000000712000000|100%| E|CS|TAMS 0x0000000711e00000| PB 0x0000000711e00000| Complete 
| 125|0x0000000712000000, 0x0000000712200000, 0x0000000712200000|100%| E|CS|TAMS 0x0000000712000000| PB 0x0000000712000000| Complete 
| 126|0x0000000712200000, 0x0000000712400000, 0x0000000712400000|100%| E|CS|TAMS 0x0000000712200000| PB 0x0000000712200000| Complete 

Card table byte_map: [0x000001eaff290000,0x000001eaffa80000] _byte_map_base: 0x000001eafba7d000

Marking Bits: (CMBitMap*) 0x000001eafe737b40
 Bits: [0x000001ea973c0000, 0x000001ea9b328000)

Polling page: 0x000001eafde70000

Metaspace:

Usage:
  Non-class:     12.15 MB used.
      Class:      1.50 MB used.
       Both:     13.65 MB used.

Virtual space:
  Non-class space:       64.00 MB reserved,      12.31 MB ( 19%) committed,  1 nodes.
      Class space:        1.00 GB reserved,       1.62 MB ( <1%) committed,  1 nodes.
             Both:        1.06 GB reserved,      13.94 MB (  1%) committed. 

Chunk freelists:
   Non-Class:  2.78 MB
       Class:  14.40 MB
        Both:  17.18 MB

MaxMetaspaceSize: unlimited
CompressedClassSpaceSize: 1.00 GB
Initial GC threshold: 21.00 MB
Current GC threshold: 21.00 MB
CDS: on
 - commit_granule_bytes: 65536.
 - commit_granule_words: 8192.
 - virtual_space_node_default_size: 8388608.
 - enlarge_chunks_in_place: 1.
 - use_allocation_guard: 0.


Internal statistics:

num_allocs_failed_limit: 0.
num_arena_births: 242.
num_arena_deaths: 0.
num_vsnodes_births: 2.
num_vsnodes_deaths: 0.
num_space_committed: 223.
num_space_uncommitted: 0.
num_chunks_returned_to_freelist: 0.
num_chunks_taken_from_freelist: 694.
num_chunk_merges: 0.
num_chunk_splits: 507.
num_chunks_enlarged: 400.
num_inconsistent_stats: 0.

CodeHeap 'non-profiled nmethods': size=120000Kb used=1743Kb max_used=1743Kb free=118256Kb
 bounds [0x000001ea8fe90000, 0x000001ea90100000, 0x000001ea973c0000]
CodeHeap 'profiled nmethods': size=120000Kb used=7266Kb max_used=7266Kb free=112734Kb
 bounds [0x000001ea883c0000, 0x000001ea88ae0000, 0x000001ea8f8f0000]
CodeHeap 'non-nmethods': size=5760Kb used=1397Kb max_used=1447Kb free=4363Kb
 bounds [0x000001ea8f8f0000, 0x000001ea8fb60000, 0x000001ea8fe90000]
 total_blobs=4164 nmethods=3675 adapters=393
 compilation: enabled
              stopped_count=0, restarted_count=0
 full_count=0

Compilation events (20 events):
Event: 2.306 Thread 0x000001ea9d895cf0 nmethod 3586 0x000001ea88a9af90 code [0x000001ea88a9b580, 0x000001ea88a9de60]
Event: 2.306 Thread 0x000001ea9d895cf0 3585       3       sun.nio.cs.UTF_8$Decoder::<init> (8 bytes)
Event: 2.306 Thread 0x000001ea9d895cf0 nmethod 3585 0x000001ea88a9ec10 code [0x000001ea88a9ede0, 0x000001ea88a9ef28]
Event: 2.307 Thread 0x000001ea9d895cf0 3587       3       org.apache.maven.model.building.ModelData::<init> (32 bytes)
Event: 2.307 Thread 0x000001ea9d895cf0 nmethod 3587 0x000001ea88a9f010 code [0x000001ea88a9f1e0, 0x000001ea88a9f5a8]
Event: 2.307 Thread 0x000001ea9d895cf0 3588       3       org.apache.maven.model.merge.ModelMerger::mergeReportPlugin (46 bytes)
Event: 2.308 Thread 0x000001ea9d895cf0 nmethod 3588 0x000001ea88a9f690 code [0x000001ea88a9f880, 0x000001ea88a9fdc0]
Event: 2.308 Thread 0x000001ea9d895cf0 3589       3       org.apache.maven.model.merge.ModelMerger::mergeReportPlugin_GroupId (41 bytes)
Event: 2.308 Thread 0x000001ea9d895cf0 nmethod 3589 0x000001ea88a9ff10 code [0x000001ea88aa00e0, 0x000001ea88aa0518]
Event: 2.308 Thread 0x000001ea9d895cf0 3590       3       java.io.BufferedInputStream::<init> (68 bytes)
Event: 2.309 Thread 0x000001ea9d895cf0 nmethod 3590 0x000001ea88aa0690 code [0x000001ea88aa08e0, 0x000001ea88aa14c0]
Event: 2.309 Thread 0x000001ea9d895cf0 3591       3       org.apache.maven.model.Build::<init> (5 bytes)
Event: 2.309 Thread 0x000001ea9d895cf0 nmethod 3591 0x000001ea88aa1810 code [0x000001ea88aa19c0, 0x000001ea88aa1c40]
Event: 2.312 Thread 0x000001ea9d895cf0 3592       3       java.io.InputStreamReader::close (8 bytes)
Event: 2.312 Thread 0x000001ea9d895cf0 nmethod 3592 0x000001ea88aa1d90 code [0x000001ea88aa1f40, 0x000001ea88aa20a0]
Event: 2.312 Thread 0x000001ea9d895cf0 3593   !   3       sun.nio.cs.StreamDecoder::close (63 bytes)
Event: 2.312 Thread 0x000001ea9d895cf0 nmethod 3593 0x000001ea88aa2190 code [0x000001ea88aa24a0, 0x000001ea88aa3980]
Event: 2.314 Thread 0x000001ea9d895650 nmethod 3446 0x000001ea90034810 code [0x000001ea90034d60, 0x000001ea90039940]
Event: 2.315 Thread 0x000001ea9d895650 3453 %     4       java.util.Properties$LineReader::readLine @ 224 (584 bytes)
Event: 2.318 Thread 0x000001ea9d895cf0 3595       3       org.apache.maven.model.io.xpp3.MavenXpp3Reader::parseReportPlugin (364 bytes)

GC Heap History (4 events):
Event: 0.609 GC heap before
{Heap before GC invocations=0 (full 0):
 garbage-first heap   total 260096K, used 22528K [0x0000000702600000, 0x0000000800000000)
  region size 2048K, 11 young (22528K), 0 survivors (0K)
 Metaspace       used 4978K, committed 5120K, reserved 1114112K
  class space    used 565K, committed 640K, reserved 1048576K
}
Event: 0.613 GC heap after
{Heap after GC invocations=1 (full 0):
 garbage-first heap   total 260096K, used 3734K [0x0000000702600000, 0x0000000800000000)
  region size 2048K, 2 young (4096K), 2 survivors (4096K)
 Metaspace       used 4978K, committed 5120K, reserved 1114112K
  class space    used 565K, committed 640K, reserved 1048576K
}
Event: 1.367 GC heap before
{Heap before GC invocations=1 (full 0):
 garbage-first heap   total 260096K, used 36502K [0x0000000702600000, 0x0000000800000000)
  region size 2048K, 18 young (36864K), 2 survivors (4096K)
 Metaspace       used 10974K, committed 11264K, reserved 1114112K
  class space    used 1307K, committed 1472K, reserved 1048576K
}
Event: 1.372 GC heap after
{Heap after GC invocations=2 (full 0):
 garbage-first heap   total 260096K, used 6472K [0x0000000702600000, 0x0000000800000000)
  region size 2048K, 2 young (4096K), 2 survivors (4096K)
 Metaspace       used 10974K, committed 11264K, reserved 1114112K
  class space    used 1307K, committed 1472K, reserved 1048576K
}

Dll operation events (8 events):
Event: 0.008 Loaded shared library C:\Program Files\Java\jdk-21.0.6\bin\java.dll
Event: 0.038 Loaded shared library C:\Program Files\Java\jdk-21.0.6\bin\jsvml.dll
Event: 0.053 Loaded shared library C:\Program Files\Java\jdk-21.0.6\bin\net.dll
Event: 0.055 Loaded shared library C:\Program Files\Java\jdk-21.0.6\bin\nio.dll
Event: 0.059 Loaded shared library C:\Program Files\Java\jdk-21.0.6\bin\zip.dll
Event: 0.158 Loaded shared library C:\Program Files\Java\jdk-21.0.6\bin\jimage.dll
Event: 0.166 Loaded shared library C:\Program Files\Maven\apache-maven-3.8.8\lib\jansi-native\Windows\x86_64\jansi.dll
Event: 0.177 Loaded shared library C:\Program Files\Java\jdk-21.0.6\bin\verify.dll

Deoptimization events (20 events):
Event: 2.137 Thread 0x000001eafc3a6d20 Uncommon trap: trap_request=0xffffff45 fr.pc=0x000001ea8ff219d4 relative=0x00000000000000b4
Event: 2.137 Thread 0x000001eafc3a6d20 Uncommon trap: reason=unstable_if action=reinterpret pc=0x000001ea8ff219d4 method=java.util.HashMap.hash(Ljava/lang/Object;)I @ 1 c2
Event: 2.137 Thread 0x000001eafc3a6d20 DEOPT PACKING pc=0x000001ea8ff219d4 sp=0x0000009df26fe180
Event: 2.137 Thread 0x000001eafc3a6d20 DEOPT UNPACKING pc=0x000001ea8f9446a2 sp=0x0000009df26fe118 mode 2
Event: 2.203 Thread 0x000001eafc3a6d20 Uncommon trap: trap_request=0xffffffbe fr.pc=0x000001ea9000dccc relative=0x000000000000028c
Event: 2.203 Thread 0x000001eafc3a6d20 Uncommon trap: reason=profile_predicate action=maybe_recompile pc=0x000001ea9000dccc method=java.util.HashMap.keysToArray([Ljava/lang/Object;)[Ljava/lang/Object; @ 36 c2
Event: 2.204 Thread 0x000001eafc3a6d20 DEOPT PACKING pc=0x000001ea9000dccc sp=0x0000009df26fd600
Event: 2.204 Thread 0x000001eafc3a6d20 DEOPT UNPACKING pc=0x000001ea8f9446a2 sp=0x0000009df26fd5a0 mode 2
Event: 2.204 Thread 0x000001eafc3a6d20 Uncommon trap: trap_request=0xffffffbe fr.pc=0x000001ea9000dccc relative=0x000000000000028c
Event: 2.204 Thread 0x000001eafc3a6d20 Uncommon trap: reason=profile_predicate action=maybe_recompile pc=0x000001ea9000dccc method=java.util.HashMap.keysToArray([Ljava/lang/Object;)[Ljava/lang/Object; @ 36 c2
Event: 2.204 Thread 0x000001eafc3a6d20 DEOPT PACKING pc=0x000001ea9000dccc sp=0x0000009df26fd600
Event: 2.204 Thread 0x000001eafc3a6d20 DEOPT UNPACKING pc=0x000001ea8f9446a2 sp=0x0000009df26fd5a0 mode 2
Event: 2.204 Thread 0x000001eafc3a6d20 Uncommon trap: trap_request=0xffffffbe fr.pc=0x000001ea9000dccc relative=0x000000000000028c
Event: 2.204 Thread 0x000001eafc3a6d20 Uncommon trap: reason=profile_predicate action=maybe_recompile pc=0x000001ea9000dccc method=java.util.HashMap.keysToArray([Ljava/lang/Object;)[Ljava/lang/Object; @ 36 c2
Event: 2.204 Thread 0x000001eafc3a6d20 DEOPT PACKING pc=0x000001ea9000dccc sp=0x0000009df26fd600
Event: 2.204 Thread 0x000001eafc3a6d20 DEOPT UNPACKING pc=0x000001ea8f9446a2 sp=0x0000009df26fd5a0 mode 2
Event: 2.204 Thread 0x000001eafc3a6d20 Uncommon trap: trap_request=0xffffffbe fr.pc=0x000001ea9000dccc relative=0x000000000000028c
Event: 2.204 Thread 0x000001eafc3a6d20 Uncommon trap: reason=profile_predicate action=maybe_recompile pc=0x000001ea9000dccc method=java.util.HashMap.keysToArray([Ljava/lang/Object;)[Ljava/lang/Object; @ 36 c2
Event: 2.204 Thread 0x000001eafc3a6d20 DEOPT PACKING pc=0x000001ea9000dccc sp=0x0000009df26fd890
Event: 2.204 Thread 0x000001eafc3a6d20 DEOPT UNPACKING pc=0x000001ea8f9446a2 sp=0x0000009df26fd830 mode 2

Classes loaded (20 events):
Event: 1.458 Loading class java/util/LinkedList$ListItr
Event: 1.458 Loading class java/util/LinkedList$ListItr done
Event: 1.462 Loading class java/util/concurrent/locks/ReentrantReadWriteLock$NonfairSync
Event: 1.462 Loading class java/util/concurrent/locks/ReentrantReadWriteLock$Sync
Event: 1.462 Loading class java/util/concurrent/locks/ReentrantReadWriteLock$Sync done
Event: 1.462 Loading class java/util/concurrent/locks/ReentrantReadWriteLock$NonfairSync done
Event: 1.463 Loading class java/util/concurrent/locks/ReentrantReadWriteLock$Sync$ThreadLocalHoldCounter
Event: 1.463 Loading class java/util/concurrent/locks/ReentrantReadWriteLock$Sync$ThreadLocalHoldCounter done
Event: 1.463 Loading class java/util/concurrent/locks/ReentrantReadWriteLock$ReadLock
Event: 1.463 Loading class java/util/concurrent/locks/ReentrantReadWriteLock$ReadLock done
Event: 1.463 Loading class java/util/concurrent/locks/ReentrantReadWriteLock$WriteLock
Event: 1.463 Loading class java/util/concurrent/locks/ReentrantReadWriteLock$WriteLock done
Event: 1.500 Loading class java/util/Formatter$FixedString
Event: 1.500 Loading class java/util/Formatter$FixedString done
Event: 1.856 Loading class java/util/ComparableTimSort
Event: 1.856 Loading class java/util/ComparableTimSort done
Event: 1.927 Loading class sun/nio/cs/ISO_8859_1$Decoder
Event: 1.927 Loading class sun/nio/cs/ISO_8859_1$Decoder done
Event: 2.227 Loading class java/util/Collections$UnmodifiableList$1
Event: 2.228 Loading class java/util/Collections$UnmodifiableList$1 done

Classes unloaded (0 events):
No events

Classes redefined (0 events):
No events

Internal exceptions (20 events):
Event: 1.184 Thread 0x000001eafc3a6d20 Exception <a 'java/lang/NoSuchMethodError'{0x0000000710479d90}: 'void java.lang.invoke.Invokers$Holder.invokeExact_MT(java.lang.Object, java.lang.Object, java.lang.Object, java.lang.Object)'> (0x0000000710479d90) 
thrown [s\open\src\hotspot\share\interpreter\linkResolver.cpp, line 773]
Event: 1.199 Thread 0x000001eafc3a6d20 Exception <a 'java/lang/NoClassDefFoundError'{0x00000007104f6968}: com/google/inject/servlet/ServletModuleTargetVisitor> (0x00000007104f6968) 
thrown [s\open\src\hotspot\share\classfile\systemDictionary.cpp, line 301]
Event: 1.222 Thread 0x000001eafc3a6d20 Exception <a 'java/lang/NoSuchMethodError'{0x000000071059b520}: 'java.lang.Object java.lang.invoke.DirectMethodHandle$Holder.invokeStatic(java.lang.Object, java.lang.Object, int)'> (0x000000071059b520) 
thrown [s\open\src\hotspot\share\interpreter\linkResolver.cpp, line 773]
Event: 1.222 Thread 0x000001eafc3a6d20 Exception <a 'java/lang/NoSuchMethodError'{0x00000007105a0430}: 'void java.lang.invoke.DirectMethodHandle$Holder.invokeStatic(java.lang.Object, java.lang.Object, int, java.lang.Object)'> (0x00000007105a0430) 
thrown [s\open\src\hotspot\share\interpreter\linkResolver.cpp, line 773]
Event: 1.223 Thread 0x000001eafc3a6d20 Exception <a 'java/lang/NoSuchMethodError'{0x00000007105a7e70}: 'void java.lang.invoke.DelegatingMethodHandle$Holder.delegate(java.lang.Object, java.lang.Object, int, java.lang.Object)'> (0x00000007105a7e70) 
thrown [s\open\src\hotspot\share\interpreter\linkResolver.cpp, line 773]
Event: 1.223 Thread 0x000001eafc3a6d20 Exception <a 'java/lang/NoSuchMethodError'{0x00000007105ac6f0}: 'int java.lang.invoke.DirectMethodHandle$Holder.invokeSpecial(java.lang.Object, java.lang.Object, java.lang.Object)'> (0x00000007105ac6f0) 
thrown [s\open\src\hotspot\share\interpreter\linkResolver.cpp, line 773]
Event: 1.244 Thread 0x000001eafc3a6d20 Exception <a 'java/lang/NoSuchMethodError'{0x000000071023cc10}: 'java.lang.Object java.lang.invoke.DirectMethodHandle$Holder.newInvokeSpecial(java.lang.Object, java.lang.Object, java.lang.Object, java.lang.Object, java.lang.Object, java.lang.Object, java.lang.Object)'> (0x000000071023cc10) 
thrown [s\open\src\hotspot\share\interpreter\linkResolver.cpp, line 773]
Event: 1.251 Thread 0x000001eafc3a6d20 Exception <a 'java/lang/NoSuchMethodError'{0x0000000710275d78}: 'java.lang.Object java.lang.invoke.DirectMethodHandle$Holder.newInvokeSpecial(java.lang.Object, java.lang.Object, java.lang.Object, java.lang.Object, java.lang.Object, java.lang.Object, java.lang.Object, java.lang.Object, java.lang.Object)'> (0x0000000710275d78) 
thrown [s\open\src\hotspot\share\interpreter\linkResolver.cpp, line 773]
Event: 1.269 Thread 0x000001eafc3a6d20 Exception <a 'java/lang/NoSuchMethodError'{0x0000000710313950}: 'java.lang.Object java.lang.invoke.DirectMethodHandle$Holder.newInvokeSpecial(java.lang.Object, java.lang.Object, java.lang.Object, java.lang.Object, java.lang.Object, java.lang.Object, java.lang.Object, java.lang.Object, java.lang.Object, java.lang.Object, java.lang.Object, java.lang.Object)'> (0x0000000710313950) 
thrown [s\open\src\hotspot\share\interpreter\linkResolver.cpp, line 773]
Event: 1.275 Thread 0x000001eafc3a6d20 Exception <a 'java/lang/NoSuchMethodError'{0x00000007103587b0}: 'java.lang.Object java.lang.invoke.DirectMethodHandle$Holder.invokeStatic(java.lang.Object, java.lang.Object, java.lang.Object, java.lang.Object, java.lang.Object, java.lang.Object, java.lang.Object, java.lang.Object, java.lang.Object, java.lang.Object, java.lang.Object, java.lang.Object, java.lang.Object)'> (0x00000007103587b0) 
thrown [s\open\src\hotspot\share\interpreter\linkResolver.cpp, line 773]
Event: 1.278 Thread 0x000001eafc3a6d20 Exception <a 'java/lang/NoSuchMethodError'{0x0000000710377588}: 'java.lang.Object java.lang.invoke.DirectMethodHandle$Holder.invokeStatic(java.lang.Object, java.lang.Object, java.lang.Object, java.lang.Object, java.lang.Object, java.lang.Object, java.lang.Object, java.lang.Object, java.lang.Object, java.lang.Object, java.lang.Object, java.lang.Object, java.lang.Object, java.lang.Object)'> (0x0000000710377588) 
thrown [s\open\src\hotspot\share\interpreter\linkResolver.cpp, line 773]
Event: 1.280 Thread 0x000001eafc3a6d20 Exception <a 'java/lang/NoSuchMethodError'{0x0000000710398518}: 'java.lang.Object java.lang.invoke.DirectMethodHandle$Holder.invokeStatic(java.lang.Object, java.lang.Object, java.lang.Object, java.lang.Object, java.lang.Object, java.lang.Object, java.lang.Object, java.lang.Object, java.lang.Object, java.lang.Object, java.lang.Object, java.lang.Object, java.lang.Object, java.lang.Object, java.lang.Object)'> (0x0000000710398518) 
thrown [s\open\src\hotspot\share\interpreter\linkResolver.cpp, line 773]
Event: 1.314 Thread 0x000001eafc3a6d20 Exception <a 'java/lang/NoSuchMethodError'{0x0000000710002710}: 'java.lang.Object java.lang.invoke.DirectMethodHandle$Holder.invokeStaticInit(java.lang.Object, int, int, int, int)'> (0x0000000710002710) 
thrown [s\open\src\hotspot\share\interpreter\linkResolver.cpp, line 773]
Event: 1.442 Thread 0x000001eafc3a6d20 Exception <a 'java/lang/NoSuchMethodError'{0x0000000712199bf8}: 'void java.lang.invoke.DirectMethodHandle$Holder.invokeVirtual(java.lang.Object, java.lang.Object, int)'> (0x0000000712199bf8) 
thrown [s\open\src\hotspot\share\interpreter\linkResolver.cpp, line 773]
Event: 1.443 Thread 0x000001eafc3a6d20 Exception <a 'java/lang/NoSuchMethodError'{0x000000071219dd60}: 'int java.lang.invoke.DirectMethodHandle$Holder.invokeSpecial(java.lang.Object, java.lang.Object, java.lang.Object, int)'> (0x000000071219dd60) 
thrown [s\open\src\hotspot\share\interpreter\linkResolver.cpp, line 773]
Event: 1.443 Thread 0x000001eafc3a6d20 Exception <a 'java/lang/NoSuchMethodError'{0x00000007121ae348}: 'java.lang.Object java.lang.invoke.DirectMethodHandle$Holder.invokeStatic(java.lang.Object, java.lang.Object, java.lang.Object, java.lang.Object, int)'> (0x00000007121ae348) 
thrown [s\open\src\hotspot\share\interpreter\linkResolver.cpp, line 773]
Event: 1.444 Thread 0x000001eafc3a6d20 Exception <a 'java/lang/NoSuchMethodError'{0x00000007121b9388}: 'void java.lang.invoke.DelegatingMethodHandle$Holder.reinvoke_L(java.lang.Object, java.lang.Object, int)'> (0x00000007121b9388) 
thrown [s\open\src\hotspot\share\interpreter\linkResolver.cpp, line 773]
Event: 2.137 Thread 0x000001eafc3a6d20 Implicit null exception at 0x000001ea8ff3bba0 to 0x000001ea8ff3bd98
Event: 2.137 Thread 0x000001eafc3a6d20 Implicit null exception at 0x000001ea8ff125a0 to 0x000001ea8ff127a4
Event: 2.137 Thread 0x000001eafc3a6d20 Implicit null exception at 0x000001ea8ff21940 to 0x000001ea8ff219c5

ZGC Phase Switch (0 events):
No events

VM Operations (20 events):
Event: 1.286 Executing VM operation: HandshakeAllThreads (Deoptimize)
Event: 1.286 Executing VM operation: HandshakeAllThreads (Deoptimize) done
Event: 1.325 Executing VM operation: HandshakeAllThreads (Deoptimize)
Event: 1.325 Executing VM operation: HandshakeAllThreads (Deoptimize) done
Event: 1.334 Executing VM operation: ICBufferFull
Event: 1.334 Executing VM operation: ICBufferFull done
Event: 1.360 Executing VM operation: HandshakeAllThreads (Deoptimize)
Event: 1.360 Executing VM operation: HandshakeAllThreads (Deoptimize) done
Event: 1.367 Executing VM operation: G1CollectForAllocation (G1 Evacuation Pause)
Event: 1.372 Executing VM operation: G1CollectForAllocation (G1 Evacuation Pause) done
Event: 1.396 Executing VM operation: HandshakeAllThreads (Deoptimize)
Event: 1.396 Executing VM operation: HandshakeAllThreads (Deoptimize) done
Event: 1.462 Executing VM operation: HandshakeAllThreads (Deoptimize)
Event: 1.462 Executing VM operation: HandshakeAllThreads (Deoptimize) done
Event: 1.463 Executing VM operation: HandshakeAllThreads (Deoptimize)
Event: 1.463 Executing VM operation: HandshakeAllThreads (Deoptimize) done
Event: 1.709 Executing VM operation: ICBufferFull
Event: 1.709 Executing VM operation: ICBufferFull done
Event: 2.083 Executing VM operation: ICBufferFull
Event: 2.083 Executing VM operation: ICBufferFull done

Events (13 events):
Event: 0.022 Thread 0x000001eafc3a6d20 Thread added: 0x000001eafc3a6d20
Event: 0.035 Thread 0x000001ea9d875b80 Thread added: 0x000001ea9d875b80
Event: 0.035 Thread 0x000001ea9d876830 Thread added: 0x000001ea9d876830
Event: 0.036 Thread 0x000001ea9d8785f0 Thread added: 0x000001ea9d8785f0
Event: 0.036 Thread 0x000001ea9d87e8b0 Thread added: 0x000001ea9d87e8b0
Event: 0.036 Thread 0x000001ea9d87f690 Thread added: 0x000001ea9d87f690
Event: 0.036 Thread 0x000001ea9d886a90 Thread added: 0x000001ea9d886a90
Event: 0.036 Thread 0x000001ea9d895650 Thread added: 0x000001ea9d895650
Event: 0.036 Thread 0x000001ea9d895cf0 Thread added: 0x000001ea9d895cf0
Event: 0.048 Thread 0x000001ea9da16670 Thread added: 0x000001ea9da16670
Event: 0.050 Thread 0x000001ea9da1b4d0 Thread added: 0x000001ea9da1b4d0
Event: 0.543 Thread 0x000001eae3281650 Thread added: 0x000001eae3281650
Event: 0.559 Thread 0x000001eae34dade0 Thread added: 0x000001eae34dade0


Dynamic libraries:
0x00007ff6b7ab0000 - 0x00007ff6b7ac0000 	C:\Program Files\Java\jdk-21.0.6\bin\java.exe
0x00007ffdbbad0000 - 0x00007ffdbbce7000 	C:\Windows\SYSTEM32\ntdll.dll
0x00007ffdbb150000 - 0x00007ffdbb214000 	C:\Windows\System32\KERNEL32.DLL
0x00007ffdb8ef0000 - 0x00007ffdb92c3000 	C:\Windows\System32\KERNELBASE.dll
0x00007ffdb8c60000 - 0x00007ffdb8d71000 	C:\Windows\System32\ucrtbase.dll
0x00007ffdac070000 - 0x00007ffdac089000 	C:\Program Files\Java\jdk-21.0.6\bin\jli.dll
0x00007ffdbb820000 - 0x00007ffdbb8d1000 	C:\Windows\System32\ADVAPI32.dll
0x00007ffdb9bf0000 - 0x00007ffdb9c97000 	C:\Windows\System32\msvcrt.dll
0x00007ffdb9990000 - 0x00007ffdb9a38000 	C:\Windows\System32\sechost.dll
0x00007ffdb92d0000 - 0x00007ffdb92f8000 	C:\Windows\System32\bcrypt.dll
0x00007ffdbb960000 - 0x00007ffdbba74000 	C:\Windows\System32\RPCRT4.dll
0x00007ffdb9f20000 - 0x00007ffdba0d1000 	C:\Windows\System32\USER32.dll
0x00007ffdb9620000 - 0x00007ffdb9646000 	C:\Windows\System32\win32u.dll
0x00007ffdbb8e0000 - 0x00007ffdbb909000 	C:\Windows\System32\GDI32.dll
0x00007ffdb9500000 - 0x00007ffdb961b000 	C:\Windows\System32\gdi32full.dll
0x00007ffdb96d0000 - 0x00007ffdb976a000 	C:\Windows\System32\msvcp_win.dll
0x00007ffda4610000 - 0x00007ffda462b000 	C:\Program Files\Java\jdk-21.0.6\bin\VCRUNTIME140.dll
0x00007ffd936d0000 - 0x00007ffd93968000 	C:\Windows\WinSxS\amd64_microsoft.windows.common-controls_6595b64144ccf1df_6.0.22621.5124_none_270e8f4f7386d69d\COMCTL32.dll
0x00007ffdb0cc0000 - 0x00007ffdb0cca000 	C:\Windows\SYSTEM32\VERSION.dll
0x00007ffdbb7e0000 - 0x00007ffdbb811000 	C:\Windows\System32\IMM32.DLL
0x00007ffd9b700000 - 0x00007ffd9b862000 	C:\Program Files (x86)\Citrix\ICA Client\ctxapclient64.dll
0x00007ffdba0f0000 - 0x00007ffdba482000 	C:\Windows\System32\combase.dll
0x00007ffdb7dd0000 - 0x00007ffdb7e04000 	C:\Windows\SYSTEM32\ntmarta.dll
0x000001eafdde0000 - 0x000001eafde5b000 	C:\Windows\System32\bcryptprimitives.dll
0x00007ffdb18e0000 - 0x00007ffdb18ec000 	C:\Program Files\Java\jdk-21.0.6\bin\vcruntime140_1.dll
0x00007ffd8a8b0000 - 0x00007ffd8a93e000 	C:\Program Files\Java\jdk-21.0.6\bin\msvcp140.dll
0x00007ffd29920000 - 0x00007ffd2a63a000 	C:\Program Files\Java\jdk-21.0.6\bin\server\jvm.dll
0x00007ffdb9e10000 - 0x00007ffdb9e81000 	C:\Windows\System32\WS2_32.dll
0x00007ffdb7a20000 - 0x00007ffdb7a6d000 	C:\Windows\SYSTEM32\POWRPROF.dll
0x00007ffdb0880000 - 0x00007ffdb08b4000 	C:\Windows\SYSTEM32\WINMM.dll
0x00007ffdb7a00000 - 0x00007ffdb7a13000 	C:\Windows\SYSTEM32\UMPDC.dll
0x00007ffdb7cc0000 - 0x00007ffdb7cd8000 	C:\Windows\SYSTEM32\kernel.appcore.dll
0x00007ffdb1650000 - 0x00007ffdb165a000 	C:\Program Files\Java\jdk-21.0.6\bin\jimage.dll
0x00007ffdb6630000 - 0x00007ffdb6862000 	C:\Windows\SYSTEM32\DBGHELP.DLL
0x00007ffdb9ca0000 - 0x00007ffdb9d77000 	C:\Windows\System32\OLEAUT32.dll
0x00007ffd9b9a0000 - 0x00007ffd9b9d2000 	C:\Windows\SYSTEM32\dbgcore.DLL
0x00007ffda45f0000 - 0x00007ffda460f000 	C:\Program Files\Java\jdk-21.0.6\bin\java.dll
0x00007ffdba740000 - 0x00007ffdbafd6000 	C:\Windows\System32\SHELL32.dll
0x00007ffdb93c0000 - 0x00007ffdb94ff000 	C:\Windows\System32\wintypes.dll
0x00007ffdb6950000 - 0x00007ffdb726a000 	C:\Windows\SYSTEM32\windows.storage.dll
0x00007ffdbb6a0000 - 0x00007ffdbb7aa000 	C:\Windows\System32\SHCORE.dll
0x00007ffdb9da0000 - 0x00007ffdb9e03000 	C:\Windows\System32\shlwapi.dll
0x00007ffdb8b10000 - 0x00007ffdb8b3b000 	C:\Windows\SYSTEM32\profapi.dll
0x00007ffd85b30000 - 0x00007ffd85c07000 	C:\Program Files\Java\jdk-21.0.6\bin\jsvml.dll
0x00007ffdb0450000 - 0x00007ffdb0460000 	C:\Program Files\Java\jdk-21.0.6\bin\net.dll
0x00007ffdb0680000 - 0x00007ffdb07ac000 	C:\Windows\SYSTEM32\WINHTTP.dll
0x00007ffdb8130000 - 0x00007ffdb819a000 	C:\Windows\system32\mswsock.dll
0x00007ffda43c0000 - 0x00007ffda43d6000 	C:\Program Files\Java\jdk-21.0.6\bin\nio.dll
0x00007ffd9cca0000 - 0x00007ffd9ccb8000 	C:\Program Files\Java\jdk-21.0.6\bin\zip.dll
0x0000000069ac0000 - 0x0000000069ae4000 	C:\Program Files\Maven\apache-maven-3.8.8\lib\jansi-native\Windows\x86_64\jansi.dll
0x00007ffdaf130000 - 0x00007ffdaf140000 	C:\Program Files\Java\jdk-21.0.6\bin\verify.dll

dbghelp: loaded successfully - version: 4.0.5 - missing functions: none
symbol engine: initialized successfully - sym options: 0x614 - pdb path: .;C:\Program Files\Java\jdk-21.0.6\bin;C:\Windows\SYSTEM32;C:\Windows\WinSxS\amd64_microsoft.windows.common-controls_6595b64144ccf1df_6.0.22621.5124_none_270e8f4f7386d69d;C:\Program Files (x86)\Citrix\ICA Client;C:\Program Files\Java\jdk-21.0.6\bin\server;C:\Program Files\Maven\apache-maven-3.8.8\lib\jansi-native\Windows\x86_64

VM Arguments:
jvm_args: -Dclassworlds.conf=C:\Program Files\Maven\apache-maven-3.8.8\bin\m2.conf -Dmaven.home=C:\Program Files\Maven\apache-maven-3.8.8 -Dlibrary.jansi.path=C:\Program Files\Maven\apache-maven-3.8.8\lib\jansi-native -Dmaven.multiModuleProjectDirectory=C:\Users\binit\eclipse-workspace\EcommerceRunner 
java_command: org.codehaus.plexus.classworlds.launcher.Launcher test -Pparallel
java_class_path (initial): C:\Program Files\Maven\apache-maven-3.8.8\boot\plexus-classworlds-2.6.0.jar
Launcher Type: SUN_STANDARD

[Global flags]
     intx CICompilerCount                          = 4                                         {product} {ergonomic}
     uint ConcGCThreads                            = 2                                         {product} {ergonomic}
     uint G1ConcRefinementThreads                  = 8                                         {product} {ergonomic}
   size_t G1HeapRegionSize                         = 2097152                                   {product} {ergonomic}
    uintx GCDrainStackTargetSize                   = 64                                        {product} {ergonomic}
   size_t InitialHeapSize                          = 266338304                                 {product} {ergonomic}
   size_t MarkStackSize                            = 4194304                                   {product} {ergonomic}
   size_t MaxHeapSize                              = 4255121408                                {product} {ergonomic}
   size_t MaxNewSize                               = 2552233984                                {product} {ergonomic}
   size_t MinHeapDeltaBytes                        = 2097152                                   {product} {ergonomic}
   size_t MinHeapSize                              = 8388608                                   {product} {ergonomic}
    uintx NonNMethodCodeHeapSize                   = 5839372                                {pd product} {ergonomic}
    uintx NonProfiledCodeHeapSize                  = 122909434                              {pd product} {ergonomic}
    uintx ProfiledCodeHeapSize                     = 122909434                              {pd product} {ergonomic}
    uintx ReservedCodeCacheSize                    = 251658240                              {pd product} {ergonomic}
     bool SegmentedCodeCache                       = true                                      {product} {ergonomic}
   size_t SoftMaxHeapSize                          = 4255121408                             {manageable} {ergonomic}
     bool UseCompressedOops                        = true                           {product lp64_product} {ergonomic}
     bool UseG1GC                                  = true                                      {product} {ergonomic}
     bool UseLargePagesIndividualAllocation        = false                                  {pd product} {ergonomic}

Logging:
Log output configuration:
 #0: stdout all=warning uptime,level,tags foldmultilines=false
 #1: stderr all=off uptime,level,tags foldmultilines=false

Environment Variables:
PATH=C:\Program Files (x86)\Scripts\;C:\Program Files (x86)\;C:\Windows\system32;C:\Windows;C:\Windows\System32\Wbem;C:\Windows\System32\WindowsPowerShell\v1.0\;C:\Windows\System32\OpenSSH\;C:\Program Files\Maven\apache-maven-3.8.8\bin;C:\Program Files\Git\cmd;C:\Windows\System32;C:\Users\binit\AppData\Local\Android\Sdk;C:\Users\binit\AppData\Local\Android\Sdk\tools\bin;C:\Users\binit\AppData\Local\Android\Sdk\tools;C:\Program Files\nodejs\node_modules\npm\bin;C:\Users\binit\AppData\Local\Android\Sdk\platform-tools;C:\Program Files (x86)\nodejs\;C:\ProgramData\chocolatey\bin;C:\Users\binit\AppData\Roaming\npm;C:\Program Files\Java\jdk-21.0.6\bin;C:\Program Files\allure-2.33.0\bin;;C:\Program Files\Docker\Docker\resources\bin;C:\Users\binit\AppData\Local\Microsoft\WindowsApps;C:\Program Files\JetBrains\PyCharm 2024.2.1\bin;;C:\Users\binit\AppData\Roaming\npm
USERNAME=binit
OS=Windows_NT
PROCESSOR_IDENTIFIER=Intel64 Family 6 Model 142 Stepping 10, GenuineIntel
TMP=C:\Users\binit\AppData\Local\Temp
TEMP=C:\Users\binit\AppData\Local\Temp




Periodic native trim disabled

---------------  S Y S T E M  ---------------

OS:
 Windows 11 , 64 bit Build 22621 (10.0.22621.5124)
OS uptime: 3 days 11:26 hours
Hyper-V role detected

CPU: total 8 (initial active 8) (4 cores per cpu, 2 threads per core) family 6 model 142 stepping 10 microcode 0xf6, cx8, cmov, fxsr, ht, mmx, 3dnowpref, sse, sse2, sse3, ssse3, sse4.1, sse4.2, popcnt, lzcnt, tsc, tscinvbit, avx, avx2, aes, erms, clmul, bmi1, bmi2, rtm, adx, fma, vzeroupper, clflush, clflushopt, hv, rdtscp, f16c
Processor Information for all 8 processors :
  Max Mhz: 1896, Current Mhz: 1696, Mhz Limit: 1687

Memory: 4k page, system-wide physical 16227M (3803M free)
TotalPageFile size 22301M (AvailPageFile size 4169M)
current process WorkingSet (physical memory assigned to process): 185M, peak: 187M
current process commit charge ("private bytes"): 400M, peak: 403M

vm_info: Java HotSpot(TM) 64-Bit Server VM (21.0.6+8-LTS-188) for windows-amd64 JRE (21.0.6+8-LTS-188), built on 2024-12-03T10:50:54Z by "mach5one" with MS VC++ 17.6 (VS2022)

END.
