#
# A fatal error has been detected by the Java Runtime Environment:
#
#  EXCEPTION_ACCESS_VIOLATION (0xc0000005) at pc=0x00007ffce229f353, pid=13236, tid=13012
#
# JRE version: Java(TM) SE Runtime Environment (22.0.2+9) (build 22.0.2+9-70)
# Java VM: Java HotSpot(TM) 64-Bit Server VM (22.0.2+9-70, mixed mode, sharing, tiered, compressed oops, compressed class ptrs, g1 gc, windows-amd64)
# Problematic frame:
# V  [jvm.dll+0x24f353]
#
# No core dump will be written. Minidumps are not enabled by default on client versions of Windows
#
# If you would like to submit a bug report, please visit:
#   https://bugreport.java.com/bugreport/crash.jsp
#

---------------  S U M M A R Y ------------

Command Line: C:\Users\binit\AppData\Local\Temp\surefire11162340023686503705\surefirebooter-20240823000817464_3.jar C:\Users\binit\AppData\Local\Temp\surefire11162340023686503705 2024-08-23T00-08-17_074-jvmRun1 surefire-20240823000817464_1tmp surefire_0-20240823000817464_2tmp

Host: Intel(R) Core(TM) i5-8350U CPU @ 1.70GHz, 8 cores, 15G,  Windows 11 , 64 bit Build 22621 (10.0.22621.3958)
Time: Fri Aug 23 00:08:21 2024 W. Europe Daylight Time elapsed time: 3.284726 seconds (0d 0h 0m 3s)

---------------  T H R E A D  ---------------

Current thread (0x0000021fc624cf30):  JavaThread "C2 CompilerThread0" daemon [_thread_in_native, id=13012, stack(0x000000fedfc00000,0x000000fedfd00000) (1024K)]


Current CompileTask:
C2:3284 1926       4       java.lang.invoke.MethodType::methodType (69 bytes)

Stack: [0x000000fedfc00000,0x000000fedfd00000],  sp=0x000000fedfcfd9d0,  free space=1014k
Native frames: (J=compiled Java code, j=interpreted, Vv=VM code, C=native code)
V  [jvm.dll+0x24f353]  (no source info available)
V  [jvm.dll+0x70894b]  (no source info available)
V  [jvm.dll+0x246c14]  (no source info available)
V  [jvm.dll+0x1c4e80]  (no source info available)
V  [jvm.dll+0x2568f3]  (no source info available)
V  [jvm.dll+0x254baa]  (no source info available)
V  [jvm.dll+0x3f57a6]  (no source info available)
V  [jvm.dll+0x81dc0b]  (no source info available)
V  [jvm.dll+0x6e0d85]  (no source info available)
C  [ucrtbase.dll+0x29333]  (no source info available)
C  [KERNEL32.DLL+0x1257d]  (no source info available)
C  [ntdll.dll+0x5af28]  (no source info available)


siginfo: EXCEPTION_ACCESS_VIOLATION (0xc0000005), reading address 0x0000000400000000


Registers:
RAX=0x000002200c029f68, RBX=0x000000fedfcfe580, RCX=0x0000000000000000, RDX=0x0000022010b2a660
RSP=0x000000fedfcfd9d0, RBP=0x0000021fc6553310, RSI=0x0000000000002661, RDI=0x0000000400000000
R8 =0x0000000000010000, R9 =0x0000022011325050, R10=0x00007ffd42b70000, R11=0x0000000000000000
R12=0x000000000000021c, R13=0x000002200c029c10, R14=0x0000000000000020, R15=0x0000000000000010
RIP=0x00007ffce229f353, EFLAGS=0x0000000000010246


Register to memory mapping:

RAX=0x000002200c029f68 points into unknown readable memory: 0x00007ffce2a90e48 | 48 0e a9 e2 fc 7f 00 00
RBX=0x000000fedfcfe580 is pointing into the stack for thread: 0x0000021fc624cf30
RCX=0x0 is null
RDX=0x0000022010b2a660 points into unknown readable memory: 0x0000000000010000 | 00 00 01 00 00 00 00 00
RSP=0x000000fedfcfd9d0 is pointing into the stack for thread: 0x0000021fc624cf30
RBP=0x0000021fc6553310 points into unknown readable memory: 0x000000fedfcfe7f0 | f0 e7 cf df fe 00 00 00
RSI=0x0000000000002661 is an unknown value
RDI=0x0000000400000000 is an unknown value
R8 =0x0000000000010000 is an unknown value
R9 =0x0000022011325050 points into unknown readable memory: 0x0000000000000000 | 00 00 00 00 00 00 00 00
R10=0x00007ffd42b70000 VCRUNTIME140.dll
R11=0x0 is null
R12=0x000000000000021c is an unknown value
R13=0x000002200c029c10 points into unknown readable memory: 0x000002200c029b88 | 88 9b 02 0c 20 02 00 00
R14=0x0000000000000020 is an unknown value
R15=0x0000000000000010 is an unknown value

Top of Stack: (sp=0x000000fedfcfd9d0)
0x000000fedfcfd9d0:   000000fedfcfe580 0000021fc6553310
0x000000fedfcfd9e0:   000000fedfcfe6c0 00000000000044a6
0x000000fedfcfd9f0:   0000021fc65573e0 000000fedfcfe570
0x000000fedfcfda00:   000000fedfcfdc10 000000fedfcfe6c0
0x000000fedfcfda10:   0000000000000000 00007ffce275894b
0x000000fedfcfda20:   000000000000254f 0000021fc6553310
0x000000fedfcfda30:   0000021fc6553380 0000021fc61f4aa0
0x000000fedfcfda40:   0000000000000002 00007ffce2296c14
0x000000fedfcfda50:   0000000000000000 000000fedfcfdb50
0x000000fedfcfda60:   000000fedfcfe6c0 0000000000000001
0x000000fedfcfda70:   0000000000000000 0000000000000001
0x000000fedfcfda80:   000000fedfcfe6c0 00007ffd00000002
0x000000fedfcfda90:   0000021fc63a0b00 000000fe00000002
0x000000fedfcfdaa0:   0000021fc63d0000 0000000000000000
0x000000fedfcfdab0:   000000fedfcfda28 0000021f00000000
0x000000fedfcfdac0:   0000021fc63dabe0 00007ffce2a0aca4
0x000000fedfcfdad0:   0000000000000000 000000fedfcfe6c0
0x000000fedfcfdae0:   0000000000000000 00007ffce2a0aca4
0x000000fedfcfdaf0:   00007ffce2971500 000001700000013c
0x000000fedfcfdb00:   0000021fc621c420 000002200c3602f0
0x000000fedfcfdb10:   000002200c367120 000002200c3682d8
0x000000fedfcfdb20:   0000000000040298 0000000000000000
0x000000fedfcfdb30:   0000000000000000 0000000000000040
0x000000fedfcfdb40:   0000021fc6399b00 0000021fc63ee9e0
0x000000fedfcfdb50:   0000000000000000 0000000000000000
0x000000fedfcfdb60:   0000021fc63c0000 0000000000000000
0x000000fedfcfdb70:   0000021fc6399e10 0000021fc6399f00
0x000000fedfcfdb80:   0000021fc6399ed0 00007ffce2a29f78
0x000000fedfcfdb90:   0000000000000000 0000021fc639a470
0x000000fedfcfdba0:   0000021fc639a4d0 0000021fc639a530
0x000000fedfcfdbb0:   00007ffce2a4dd70 0000021f00000001
0x000000fedfcfdbc0:   000000fedfcfe6c0 000000fedfcff480 

Instructions: (pc=0x00007ffce229f353)
0x00007ffce229f253:   9c 4b 00 41 8b c6 48 f7 d8 4d 8d 24 c4 4c 3b e6
0x00007ffce229f263:   0f 83 07 fe ff ff 4c 8b 7c 24 30 4c 8b 74 24 38
0x00007ffce229f273:   48 8b 7c 24 40 48 8b ac 24 80 00 00 00 48 83 c4
0x00007ffce229f283:   48 41 5d 41 5c 5e 5b c3 cc cc cc cc cc 40 53 56
0x00007ffce229f293:   57 48 83 ec 30 8b b9 50 02 00 00 48 8b da 2b b9
0x00007ffce229f2a3:   54 02 00 00 48 8b f1 3b 7a 08 72 0a 8b d7 48 8b
0x00007ffce229f2b3:   cb e8 77 fe 46 00 48 8b 43 10 48 c7 04 f8 00 00
0x00007ffce229f2c3:   00 00 48 8b 96 e0 02 00 00 48 85 d2 74 08 48 8b
0x00007ffce229f2d3:   cb e8 d7 11 e8 ff 48 8b 96 e8 02 00 00 48 85 d2
0x00007ffce229f2e3:   74 08 48 8b cb e8 c3 11 e8 ff 33 c0 89 44 24 50
0x00007ffce229f2f3:   39 43 18 0f 86 f8 00 00 00 48 89 6c 24 58 4c 89
0x00007ffce229f303:   64 24 60 4c 89 6c 24 68 4c 89 74 24 28 4c 89 7c
0x00007ffce229f313:   24 20 66 66 66 0f 1f 84 00 00 00 00 00 8b c8 48
0x00007ffce229f323:   8b 43 10 4c 8b 2c c8 41 8b 45 1c 85 c0 0f 84 92
0x00007ffce229f333:   00 00 00 45 33 f6 44 8b e0 0f 1f 40 00 49 8b 45
0x00007ffce229f343:   08 49 8b 3c 06 48 85 ff 74 6d 40 f6 c7 01 75 67
0x00007ffce229f353:   48 83 3f fe 74 61 44 8b 7f 28 41 8b f7 c1 ee 05
0x00007ffce229f363:   3b 73 20 72 0b 8b d6 48 8d 4b 20 e8 1d f1 60 00
0x00007ffce229f373:   48 8b 43 28 41 83 e7 1f 48 8d 14 b0 41 0f b6 cf
0x00007ffce229f383:   41 b8 01 00 00 00 41 d3 e0 8b 0a 8b c1 41 0b c0
0x00007ffce229f393:   89 02 41 85 c8 75 20 8b 73 18 8d 46 01 89 43 18
0x00007ffce229f3a3:   3b 73 08 72 0a 8b d6 48 8b cb e8 7e fd 46 00 48
0x00007ffce229f3b3:   8b 43 10 48 89 3c f0 49 83 c6 08 49 83 ec 01 0f
0x00007ffce229f3c3:   85 78 ff ff ff 8b 44 24 50 ff c0 89 44 24 50 3b
0x00007ffce229f3d3:   43 18 0f 82 45 ff ff ff 4c 8b 7c 24 20 4c 8b 74
0x00007ffce229f3e3:   24 28 4c 8b 6c 24 68 4c 8b 64 24 60 48 8b 6c 24
0x00007ffce229f3f3:   58 48 83 c4 30 5f 5e 5b c3 cc cc cc cc 48 83 ec
0x00007ffce229f403:   28 48 8b 81 f0 02 00 00 4c 8b c9 48 85 c0 75 58
0x00007ffce229f413:   48 8b 81 e0 02 00 00 48 8b 48 10 8b 40 20 4c 8d
0x00007ffce229f423:   04 c1 49 3b c8 73 46 66 0f 1f 44 00 00 48 8b 11
0x00007ffce229f433:   8b 42 2c 83 e0 0f 3c 09 74 0b 48 83 c1 08 49 3b
0x00007ffce229f443:   c8 73 2a eb e8 48 8b 4a 10 0f 1f 40 00 48 8b 01 


Stack slot to memory mapping:

stack at sp + 0 slots: 0x000000fedfcfe580 is pointing into the stack for thread: 0x0000021fc624cf30
stack at sp + 1 slots: 0x0000021fc6553310 points into unknown readable memory: 0x000000fedfcfe7f0 | f0 e7 cf df fe 00 00 00
stack at sp + 2 slots: 0x000000fedfcfe6c0 is pointing into the stack for thread: 0x0000021fc624cf30
stack at sp + 3 slots: 0x00000000000044a6 is an unknown value
stack at sp + 4 slots: 0x0000021fc65573e0 points into unknown readable memory: 0x00007ffce2a15db8 | b8 5d a1 e2 fc 7f 00 00
stack at sp + 5 slots: 0x000000fedfcfe570 is pointing into the stack for thread: 0x0000021fc624cf30
stack at sp + 6 slots: 0x000000fedfcfdc10 is pointing into the stack for thread: 0x0000021fc624cf30
stack at sp + 7 slots: 0x000000fedfcfe6c0 is pointing into the stack for thread: 0x0000021fc624cf30


---------------  P R O C E S S  ---------------

Threads class SMR info:
_java_thread_list=0x000002200ce05490, length=15, elements={
0x0000021fa509fd50, 0x0000021fc6217100, 0x0000021fc6218020, 0x0000021fc621b0b0,
0x0000021fc62205c0, 0x0000021fc6241290, 0x0000021fc6242180, 0x0000021fc624cf30,
0x0000021fc6251ef0, 0x0000021fc64c43a0, 0x0000021fc64db560, 0x0000021fc6a780a0,
0x0000021fc6a50290, 0x000002200c8676b0, 0x000002200cdb0e10
}

Java Threads: ( => current thread )
  0x0000021fa509fd50 JavaThread "main"                              [_thread_in_Java, id=10752, stack(0x000000fedee00000,0x000000fedef00000) (1024K)]
  0x0000021fc6217100 JavaThread "Reference Handler"          daemon [_thread_blocked, id=23560, stack(0x000000fedf600000,0x000000fedf700000) (1024K)]
  0x0000021fc6218020 JavaThread "Finalizer"                  daemon [_thread_blocked, id=23056, stack(0x000000fedf700000,0x000000fedf800000) (1024K)]
  0x0000021fc621b0b0 JavaThread "Signal Dispatcher"          daemon [_thread_blocked, id=12864, stack(0x000000fedf800000,0x000000fedf900000) (1024K)]
  0x0000021fc62205c0 JavaThread "Attach Listener"            daemon [_thread_blocked, id=9380, stack(0x000000fedf900000,0x000000fedfa00000) (1024K)]
  0x0000021fc6241290 JavaThread "Service Thread"             daemon [_thread_blocked, id=17420, stack(0x000000fedfa00000,0x000000fedfb00000) (1024K)]
  0x0000021fc6242180 JavaThread "Monitor Deflation Thread"   daemon [_thread_blocked, id=13300, stack(0x000000fedfb00000,0x000000fedfc00000) (1024K)]
=>0x0000021fc624cf30 JavaThread "C2 CompilerThread0"         daemon [_thread_in_native, id=13012, stack(0x000000fedfc00000,0x000000fedfd00000) (1024K)]
  0x0000021fc6251ef0 JavaThread "C1 CompilerThread0"         daemon [_thread_in_native, id=2776, stack(0x000000fedfd00000,0x000000fedfe00000) (1024K)]
  0x0000021fc64c43a0 JavaThread "Notification Thread"        daemon [_thread_blocked, id=9560, stack(0x000000fedfe00000,0x000000fedff00000) (1024K)]
  0x0000021fc64db560 JavaThread "Common-Cleaner"             daemon [_thread_blocked, id=19380, stack(0x000000fedff00000,0x000000fee0000000) (1024K)]
  0x0000021fc6a780a0 JavaThread "surefire-forkedjvm-stream-flusher" daemon [_thread_blocked, id=20000, stack(0x000000fee0200000,0x000000fee0300000) (1024K)]
  0x0000021fc6a50290 JavaThread "surefire-forkedjvm-command-thread" daemon [_thread_in_native, id=9856, stack(0x000000fee0300000,0x000000fee0400000) (1024K)]
  0x000002200c8676b0 JavaThread "C2 CompilerThread1"         daemon [_thread_in_native, id=22696, stack(0x000000fee0000000,0x000000fee0100000) (1024K)]
  0x000002200cdb0e10 JavaThread "C2 CompilerThread2"         daemon [_thread_in_native, id=16776, stack(0x000000fee0100000,0x000000fee0200000) (1024K)]
Total: 15

Other Threads:
  0x0000021fc61fa8a0 VMThread "VM Thread"                           [id=7836, stack(0x000000fedf500000,0x000000fedf600000) (1024K)]
  0x0000021fc61e41c0 WatcherThread "VM Periodic Task Thread"        [id=2520, stack(0x000000fedf400000,0x000000fedf500000) (1024K)]
  0x0000021fa7263590 WorkerThread "GC Thread#0"                     [id=3680, stack(0x000000fedef00000,0x000000fedf000000) (1024K)]
  0x000002200c40e220 WorkerThread "GC Thread#1"                     [id=6872, stack(0x000000fee0400000,0x000000fee0500000) (1024K)]
  0x000002200c40e5d0 WorkerThread "GC Thread#2"                     [id=12316, stack(0x000000fee0500000,0x000000fee0600000) (1024K)]
  0x000002200c40e980 WorkerThread "GC Thread#3"                     [id=23524, stack(0x000000fee0600000,0x000000fee0700000) (1024K)]
  0x000002200c40ed30 WorkerThread "GC Thread#4"                     [id=22588, stack(0x000000fee0700000,0x000000fee0800000) (1024K)]
  0x000002200c04f530 WorkerThread "GC Thread#5"                     [id=21952, stack(0x000000fee0800000,0x000000fee0900000) (1024K)]
  0x000002200c040920 WorkerThread "GC Thread#6"                     [id=6604, stack(0x000000fee0900000,0x000000fee0a00000) (1024K)]
  0x000002200c0410e0 WorkerThread "GC Thread#7"                     [id=14672, stack(0x000000fee0a00000,0x000000fee0b00000) (1024K)]
  0x0000021fa72744c0 ConcurrentGCThread "G1 Main Marker"            [id=22500, stack(0x000000fedf000000,0x000000fedf100000) (1024K)]
  0x0000021fa7274fd0 WorkerThread "G1 Conc#0"                       [id=4560, stack(0x000000fedf100000,0x000000fedf200000) (1024K)]
  0x0000021fa72bea90 ConcurrentGCThread "G1 Refine#0"               [id=12828, stack(0x000000fedf200000,0x000000fedf300000) (1024K)]
  0x0000021fc60b5bf0 ConcurrentGCThread "G1 Service"                [id=16816, stack(0x000000fedf300000,0x000000fedf400000) (1024K)]
Total: 14

Threads with active compile tasks:
C2 CompilerThread0  3466 1926       4       java.lang.invoke.MethodType::methodType (69 bytes)
C1 CompilerThread0  3466 2371       3       java.security.Provider::getEngineName (49 bytes)
C2 CompilerThread1  3466 2164       4       java.lang.invoke.MethodType::makeImpl (109 bytes)
C2 CompilerThread2  3466 2236       4       java.lang.StringBuilder::append (8 bytes)
Total: 4

VM state: not at safepoint (normal execution)

VM Mutex/Monitor currently owned by a thread: None

Heap address: 0x0000000702600000, size: 4058 MB, Compressed Oops mode: Zero based, Oop shift amount: 3

CDS archive(s) mapped at: [0x0000021fc7000000-0x0000021fc7c60000-0x0000021fc7c60000), size 12976128, SharedBaseAddress: 0x0000021fc7000000, ArchiveRelocationMode: 1.
Compressed class space mapped at: 0x0000021fc8000000-0x0000022008000000, reserved size: 1073741824
Narrow klass base: 0x0000021fc7000000, Narrow klass shift: 0, Narrow klass range: 0x41000000

GC Precious Log:
 CardTable entry size: 512
 Card Set container configuration: InlinePtr #cards 4 size 8 Array Of Cards #cards 16 size 48 Howl #buckets 8 coarsen threshold 3686 Howl Bitmap #cards 512 size 80 coarsen threshold 460 Card regions per heap region 1 cards per card region 4096
 CPUs: 8 total, 8 available
 Memory: 16227M
 Large Page Support: Disabled
 NUMA Support: Disabled
 Compressed Oops: Enabled (Zero based)
 Heap Region Size: 2M
 Heap Min Capacity: 8M
 Heap Initial Capacity: 254M
 Heap Max Capacity: 4058M
 Pre-touch: Disabled
 Parallel Workers: 8
 Concurrent Workers: 2
 Concurrent Refinement Workers: 8
 Periodic GC: Disabled

Heap:
 garbage-first heap   total reserved 4155392K, committed 260096K, used 25445K [0x0000000702600000, 0x0000000800000000)
  region size 2048K, 10 young (20480K), 1 survivors (2048K)
 Metaspace       used 15937K, committed 16192K, reserved 1114112K
  class space    used 1944K, committed 2048K, reserved 1048576K

Heap Regions: E=young(eden), S=young(survivor), O=old, HS=humongous(starts), HC=humongous(continues), CS=collection set, F=free, TAMS=top-at-mark-start, PB=parsable bottom
|   0|0x0000000702600000, 0x0000000702800000, 0x0000000702800000|100%| O|  |TAMS 0x0000000702600000| PB 0x0000000702600000| Untracked |  0
|   1|0x0000000702800000, 0x0000000702a00000, 0x0000000702a00000|100%| O|  |TAMS 0x0000000702800000| PB 0x0000000702800000| Untracked |  0
|   2|0x0000000702a00000, 0x0000000702c00000, 0x0000000702c00000|100%| O|  |TAMS 0x0000000702a00000| PB 0x0000000702a00000| Untracked |  0
|   3|0x0000000702c00000, 0x0000000702d12660, 0x0000000702e00000| 53%| O|  |TAMS 0x0000000702c00000| PB 0x0000000702c00000| Untracked |  0
|   4|0x0000000702e00000, 0x0000000702e00000, 0x0000000703000000|  0%| F|  |TAMS 0x0000000702e00000| PB 0x0000000702e00000| Untracked |  0
|   5|0x0000000703000000, 0x0000000703000000, 0x0000000703200000|  0%| F|  |TAMS 0x0000000703000000| PB 0x0000000703000000| Untracked |  0
|   6|0x0000000703200000, 0x0000000703200000, 0x0000000703400000|  0%| F|  |TAMS 0x0000000703200000| PB 0x0000000703200000| Untracked |  0
|   7|0x0000000703400000, 0x0000000703400000, 0x0000000703600000|  0%| F|  |TAMS 0x0000000703400000| PB 0x0000000703400000| Untracked |  0
|   8|0x0000000703600000, 0x0000000703600000, 0x0000000703800000|  0%| F|  |TAMS 0x0000000703600000| PB 0x0000000703600000| Untracked |  0
|   9|0x0000000703800000, 0x0000000703800000, 0x0000000703a00000|  0%| F|  |TAMS 0x0000000703800000| PB 0x0000000703800000| Untracked |  0
|  10|0x0000000703a00000, 0x0000000703a00000, 0x0000000703c00000|  0%| F|  |TAMS 0x0000000703a00000| PB 0x0000000703a00000| Untracked |  0
|  11|0x0000000703c00000, 0x0000000703c00000, 0x0000000703e00000|  0%| F|  |TAMS 0x0000000703c00000| PB 0x0000000703c00000| Untracked |  0
|  12|0x0000000703e00000, 0x0000000703e00000, 0x0000000704000000|  0%| F|  |TAMS 0x0000000703e00000| PB 0x0000000703e00000| Untracked |  0
|  13|0x0000000704000000, 0x0000000704000000, 0x0000000704200000|  0%| F|  |TAMS 0x0000000704000000| PB 0x0000000704000000| Untracked |  0
|  14|0x0000000704200000, 0x0000000704200000, 0x0000000704400000|  0%| F|  |TAMS 0x0000000704200000| PB 0x0000000704200000| Untracked |  0
|  15|0x0000000704400000, 0x0000000704400000, 0x0000000704600000|  0%| F|  |TAMS 0x0000000704400000| PB 0x0000000704400000| Untracked |  0
|  16|0x0000000704600000, 0x0000000704600000, 0x0000000704800000|  0%| F|  |TAMS 0x0000000704600000| PB 0x0000000704600000| Untracked |  0
|  17|0x0000000704800000, 0x0000000704800000, 0x0000000704a00000|  0%| F|  |TAMS 0x0000000704800000| PB 0x0000000704800000| Untracked |  0
|  18|0x0000000704a00000, 0x0000000704a00000, 0x0000000704c00000|  0%| F|  |TAMS 0x0000000704a00000| PB 0x0000000704a00000| Untracked |  0
|  19|0x0000000704c00000, 0x0000000704c00000, 0x0000000704e00000|  0%| F|  |TAMS 0x0000000704c00000| PB 0x0000000704c00000| Untracked |  0
|  20|0x0000000704e00000, 0x0000000704e00000, 0x0000000705000000|  0%| F|  |TAMS 0x0000000704e00000| PB 0x0000000704e00000| Untracked |  0
|  21|0x0000000705000000, 0x0000000705000000, 0x0000000705200000|  0%| F|  |TAMS 0x0000000705000000| PB 0x0000000705000000| Untracked |  0
|  22|0x0000000705200000, 0x0000000705200000, 0x0000000705400000|  0%| F|  |TAMS 0x0000000705200000| PB 0x0000000705200000| Untracked |  0
|  23|0x0000000705400000, 0x0000000705400000, 0x0000000705600000|  0%| F|  |TAMS 0x0000000705400000| PB 0x0000000705400000| Untracked |  0
|  24|0x0000000705600000, 0x0000000705600000, 0x0000000705800000|  0%| F|  |TAMS 0x0000000705600000| PB 0x0000000705600000| Untracked |  0
|  25|0x0000000705800000, 0x0000000705800000, 0x0000000705a00000|  0%| F|  |TAMS 0x0000000705800000| PB 0x0000000705800000| Untracked |  0
|  26|0x0000000705a00000, 0x0000000705a00000, 0x0000000705c00000|  0%| F|  |TAMS 0x0000000705a00000| PB 0x0000000705a00000| Untracked |  0
|  27|0x0000000705c00000, 0x0000000705c00000, 0x0000000705e00000|  0%| F|  |TAMS 0x0000000705c00000| PB 0x0000000705c00000| Untracked |  0
|  28|0x0000000705e00000, 0x0000000705e00000, 0x0000000706000000|  0%| F|  |TAMS 0x0000000705e00000| PB 0x0000000705e00000| Untracked |  0
|  29|0x0000000706000000, 0x0000000706000000, 0x0000000706200000|  0%| F|  |TAMS 0x0000000706000000| PB 0x0000000706000000| Untracked |  0
|  30|0x0000000706200000, 0x0000000706200000, 0x0000000706400000|  0%| F|  |TAMS 0x0000000706200000| PB 0x0000000706200000| Untracked |  0
|  31|0x0000000706400000, 0x0000000706400000, 0x0000000706600000|  0%| F|  |TAMS 0x0000000706400000| PB 0x0000000706400000| Untracked |  0
|  32|0x0000000706600000, 0x0000000706600000, 0x0000000706800000|  0%| F|  |TAMS 0x0000000706600000| PB 0x0000000706600000| Untracked |  0
|  33|0x0000000706800000, 0x0000000706800000, 0x0000000706a00000|  0%| F|  |TAMS 0x0000000706800000| PB 0x0000000706800000| Untracked |  0
|  34|0x0000000706a00000, 0x0000000706a00000, 0x0000000706c00000|  0%| F|  |TAMS 0x0000000706a00000| PB 0x0000000706a00000| Untracked |  0
|  35|0x0000000706c00000, 0x0000000706c00000, 0x0000000706e00000|  0%| F|  |TAMS 0x0000000706c00000| PB 0x0000000706c00000| Untracked |  0
|  36|0x0000000706e00000, 0x0000000706e00000, 0x0000000707000000|  0%| F|  |TAMS 0x0000000706e00000| PB 0x0000000706e00000| Untracked |  0
|  37|0x0000000707000000, 0x0000000707000000, 0x0000000707200000|  0%| F|  |TAMS 0x0000000707000000| PB 0x0000000707000000| Untracked |  0
|  38|0x0000000707200000, 0x0000000707200000, 0x0000000707400000|  0%| F|  |TAMS 0x0000000707200000| PB 0x0000000707200000| Untracked |  0
|  39|0x0000000707400000, 0x0000000707400000, 0x0000000707600000|  0%| F|  |TAMS 0x0000000707400000| PB 0x0000000707400000| Untracked |  0
|  40|0x0000000707600000, 0x0000000707600000, 0x0000000707800000|  0%| F|  |TAMS 0x0000000707600000| PB 0x0000000707600000| Untracked |  0
|  41|0x0000000707800000, 0x0000000707800000, 0x0000000707a00000|  0%| F|  |TAMS 0x0000000707800000| PB 0x0000000707800000| Untracked |  0
|  42|0x0000000707a00000, 0x0000000707a00000, 0x0000000707c00000|  0%| F|  |TAMS 0x0000000707a00000| PB 0x0000000707a00000| Untracked |  0
|  43|0x0000000707c00000, 0x0000000707c00000, 0x0000000707e00000|  0%| F|  |TAMS 0x0000000707c00000| PB 0x0000000707c00000| Untracked |  0
|  44|0x0000000707e00000, 0x0000000707e00000, 0x0000000708000000|  0%| F|  |TAMS 0x0000000707e00000| PB 0x0000000707e00000| Untracked |  0
|  45|0x0000000708000000, 0x0000000708000000, 0x0000000708200000|  0%| F|  |TAMS 0x0000000708000000| PB 0x0000000708000000| Untracked |  0
|  46|0x0000000708200000, 0x0000000708200000, 0x0000000708400000|  0%| F|  |TAMS 0x0000000708200000| PB 0x0000000708200000| Untracked |  0
|  47|0x0000000708400000, 0x0000000708400000, 0x0000000708600000|  0%| F|  |TAMS 0x0000000708400000| PB 0x0000000708400000| Untracked |  0
|  48|0x0000000708600000, 0x0000000708600000, 0x0000000708800000|  0%| F|  |TAMS 0x0000000708600000| PB 0x0000000708600000| Untracked |  0
|  49|0x0000000708800000, 0x0000000708800000, 0x0000000708a00000|  0%| F|  |TAMS 0x0000000708800000| PB 0x0000000708800000| Untracked |  0
|  50|0x0000000708a00000, 0x0000000708a00000, 0x0000000708c00000|  0%| F|  |TAMS 0x0000000708a00000| PB 0x0000000708a00000| Untracked |  0
|  51|0x0000000708c00000, 0x0000000708c00000, 0x0000000708e00000|  0%| F|  |TAMS 0x0000000708c00000| PB 0x0000000708c00000| Untracked |  0
|  52|0x0000000708e00000, 0x0000000708e00000, 0x0000000709000000|  0%| F|  |TAMS 0x0000000708e00000| PB 0x0000000708e00000| Untracked |  0
|  53|0x0000000709000000, 0x0000000709000000, 0x0000000709200000|  0%| F|  |TAMS 0x0000000709000000| PB 0x0000000709000000| Untracked |  0
|  54|0x0000000709200000, 0x0000000709200000, 0x0000000709400000|  0%| F|  |TAMS 0x0000000709200000| PB 0x0000000709200000| Untracked |  0
|  55|0x0000000709400000, 0x0000000709400000, 0x0000000709600000|  0%| F|  |TAMS 0x0000000709400000| PB 0x0000000709400000| Untracked |  0
|  56|0x0000000709600000, 0x0000000709600000, 0x0000000709800000|  0%| F|  |TAMS 0x0000000709600000| PB 0x0000000709600000| Untracked |  0
|  57|0x0000000709800000, 0x0000000709800000, 0x0000000709a00000|  0%| F|  |TAMS 0x0000000709800000| PB 0x0000000709800000| Untracked |  0
|  58|0x0000000709a00000, 0x0000000709a00000, 0x0000000709c00000|  0%| F|  |TAMS 0x0000000709a00000| PB 0x0000000709a00000| Untracked |  0
|  59|0x0000000709c00000, 0x0000000709c00000, 0x0000000709e00000|  0%| F|  |TAMS 0x0000000709c00000| PB 0x0000000709c00000| Untracked |  0
|  60|0x0000000709e00000, 0x0000000709e00000, 0x000000070a000000|  0%| F|  |TAMS 0x0000000709e00000| PB 0x0000000709e00000| Untracked |  0
|  61|0x000000070a000000, 0x000000070a000000, 0x000000070a200000|  0%| F|  |TAMS 0x000000070a000000| PB 0x000000070a000000| Untracked |  0
|  62|0x000000070a200000, 0x000000070a200000, 0x000000070a400000|  0%| F|  |TAMS 0x000000070a200000| PB 0x000000070a200000| Untracked |  0
|  63|0x000000070a400000, 0x000000070a400000, 0x000000070a600000|  0%| F|  |TAMS 0x000000070a400000| PB 0x000000070a400000| Untracked |  0
|  64|0x000000070a600000, 0x000000070a600000, 0x000000070a800000|  0%| F|  |TAMS 0x000000070a600000| PB 0x000000070a600000| Untracked |  0
|  65|0x000000070a800000, 0x000000070a800000, 0x000000070aa00000|  0%| F|  |TAMS 0x000000070a800000| PB 0x000000070a800000| Untracked |  0
|  66|0x000000070aa00000, 0x000000070aa00000, 0x000000070ac00000|  0%| F|  |TAMS 0x000000070aa00000| PB 0x000000070aa00000| Untracked |  0
|  67|0x000000070ac00000, 0x000000070ac00000, 0x000000070ae00000|  0%| F|  |TAMS 0x000000070ac00000| PB 0x000000070ac00000| Untracked |  0
|  68|0x000000070ae00000, 0x000000070ae00000, 0x000000070b000000|  0%| F|  |TAMS 0x000000070ae00000| PB 0x000000070ae00000| Untracked |  0
|  69|0x000000070b000000, 0x000000070b000000, 0x000000070b200000|  0%| F|  |TAMS 0x000000070b000000| PB 0x000000070b000000| Untracked |  0
|  70|0x000000070b200000, 0x000000070b200000, 0x000000070b400000|  0%| F|  |TAMS 0x000000070b200000| PB 0x000000070b200000| Untracked |  0
|  71|0x000000070b400000, 0x000000070b400000, 0x000000070b600000|  0%| F|  |TAMS 0x000000070b400000| PB 0x000000070b400000| Untracked |  0
|  72|0x000000070b600000, 0x000000070b600000, 0x000000070b800000|  0%| F|  |TAMS 0x000000070b600000| PB 0x000000070b600000| Untracked |  0
|  73|0x000000070b800000, 0x000000070b800000, 0x000000070ba00000|  0%| F|  |TAMS 0x000000070b800000| PB 0x000000070b800000| Untracked |  0
|  74|0x000000070ba00000, 0x000000070ba00000, 0x000000070bc00000|  0%| F|  |TAMS 0x000000070ba00000| PB 0x000000070ba00000| Untracked |  0
|  75|0x000000070bc00000, 0x000000070bc00000, 0x000000070be00000|  0%| F|  |TAMS 0x000000070bc00000| PB 0x000000070bc00000| Untracked |  0
|  76|0x000000070be00000, 0x000000070be00000, 0x000000070c000000|  0%| F|  |TAMS 0x000000070be00000| PB 0x000000070be00000| Untracked |  0
|  77|0x000000070c000000, 0x000000070c000000, 0x000000070c200000|  0%| F|  |TAMS 0x000000070c000000| PB 0x000000070c000000| Untracked |  0
|  78|0x000000070c200000, 0x000000070c200000, 0x000000070c400000|  0%| F|  |TAMS 0x000000070c200000| PB 0x000000070c200000| Untracked |  0
|  79|0x000000070c400000, 0x000000070c400000, 0x000000070c600000|  0%| F|  |TAMS 0x000000070c400000| PB 0x000000070c400000| Untracked |  0
|  80|0x000000070c600000, 0x000000070c600000, 0x000000070c800000|  0%| F|  |TAMS 0x000000070c600000| PB 0x000000070c600000| Untracked |  0
|  81|0x000000070c800000, 0x000000070c800000, 0x000000070ca00000|  0%| F|  |TAMS 0x000000070c800000| PB 0x000000070c800000| Untracked |  0
|  82|0x000000070ca00000, 0x000000070ca00000, 0x000000070cc00000|  0%| F|  |TAMS 0x000000070ca00000| PB 0x000000070ca00000| Untracked |  0
|  83|0x000000070cc00000, 0x000000070cc00000, 0x000000070ce00000|  0%| F|  |TAMS 0x000000070cc00000| PB 0x000000070cc00000| Untracked |  0
|  84|0x000000070ce00000, 0x000000070ce00000, 0x000000070d000000|  0%| F|  |TAMS 0x000000070ce00000| PB 0x000000070ce00000| Untracked |  0
|  85|0x000000070d000000, 0x000000070d000000, 0x000000070d200000|  0%| F|  |TAMS 0x000000070d000000| PB 0x000000070d000000| Untracked |  0
|  86|0x000000070d200000, 0x000000070d200000, 0x000000070d400000|  0%| F|  |TAMS 0x000000070d200000| PB 0x000000070d200000| Untracked |  0
|  87|0x000000070d400000, 0x000000070d400000, 0x000000070d600000|  0%| F|  |TAMS 0x000000070d400000| PB 0x000000070d400000| Untracked |  0
|  88|0x000000070d600000, 0x000000070d600000, 0x000000070d800000|  0%| F|  |TAMS 0x000000070d600000| PB 0x000000070d600000| Untracked |  0
|  89|0x000000070d800000, 0x000000070d800000, 0x000000070da00000|  0%| F|  |TAMS 0x000000070d800000| PB 0x000000070d800000| Untracked |  0
|  90|0x000000070da00000, 0x000000070da00000, 0x000000070dc00000|  0%| F|  |TAMS 0x000000070da00000| PB 0x000000070da00000| Untracked |  0
|  91|0x000000070dc00000, 0x000000070dc00000, 0x000000070de00000|  0%| F|  |TAMS 0x000000070dc00000| PB 0x000000070dc00000| Untracked |  0
|  92|0x000000070de00000, 0x000000070de00000, 0x000000070e000000|  0%| F|  |TAMS 0x000000070de00000| PB 0x000000070de00000| Untracked |  0
|  93|0x000000070e000000, 0x000000070e000000, 0x000000070e200000|  0%| F|  |TAMS 0x000000070e000000| PB 0x000000070e000000| Untracked |  0
|  94|0x000000070e200000, 0x000000070e200000, 0x000000070e400000|  0%| F|  |TAMS 0x000000070e200000| PB 0x000000070e200000| Untracked |  0
|  95|0x000000070e400000, 0x000000070e400000, 0x000000070e600000|  0%| F|  |TAMS 0x000000070e400000| PB 0x000000070e400000| Untracked |  0
|  96|0x000000070e600000, 0x000000070e600000, 0x000000070e800000|  0%| F|  |TAMS 0x000000070e600000| PB 0x000000070e600000| Untracked |  0
|  97|0x000000070e800000, 0x000000070e800000, 0x000000070ea00000|  0%| F|  |TAMS 0x000000070e800000| PB 0x000000070e800000| Untracked |  0
|  98|0x000000070ea00000, 0x000000070ea00000, 0x000000070ec00000|  0%| F|  |TAMS 0x000000070ea00000| PB 0x000000070ea00000| Untracked |  0
|  99|0x000000070ec00000, 0x000000070ec00000, 0x000000070ee00000|  0%| F|  |TAMS 0x000000070ec00000| PB 0x000000070ec00000| Untracked |  0
| 100|0x000000070ee00000, 0x000000070ee00000, 0x000000070f000000|  0%| F|  |TAMS 0x000000070ee00000| PB 0x000000070ee00000| Untracked |  0
| 101|0x000000070f000000, 0x000000070f000000, 0x000000070f200000|  0%| F|  |TAMS 0x000000070f000000| PB 0x000000070f000000| Untracked |  0
| 102|0x000000070f200000, 0x000000070f200000, 0x000000070f400000|  0%| F|  |TAMS 0x000000070f200000| PB 0x000000070f200000| Untracked |  0
| 103|0x000000070f400000, 0x000000070f400000, 0x000000070f600000|  0%| F|  |TAMS 0x000000070f400000| PB 0x000000070f400000| Untracked |  0
| 104|0x000000070f600000, 0x000000070f600000, 0x000000070f800000|  0%| F|  |TAMS 0x000000070f600000| PB 0x000000070f600000| Untracked |  0
| 105|0x000000070f800000, 0x000000070f800000, 0x000000070fa00000|  0%| F|  |TAMS 0x000000070f800000| PB 0x000000070f800000| Untracked |  0
| 106|0x000000070fa00000, 0x000000070fa00000, 0x000000070fc00000|  0%| F|  |TAMS 0x000000070fa00000| PB 0x000000070fa00000| Untracked |  0
| 107|0x000000070fc00000, 0x000000070fc00000, 0x000000070fe00000|  0%| F|  |TAMS 0x000000070fc00000| PB 0x000000070fc00000| Untracked |  0
| 108|0x000000070fe00000, 0x000000070fe00000, 0x0000000710000000|  0%| F|  |TAMS 0x000000070fe00000| PB 0x000000070fe00000| Untracked |  0
| 109|0x0000000710000000, 0x0000000710000000, 0x0000000710200000|  0%| F|  |TAMS 0x0000000710000000| PB 0x0000000710000000| Untracked |  0
| 110|0x0000000710200000, 0x0000000710200000, 0x0000000710400000|  0%| F|  |TAMS 0x0000000710200000| PB 0x0000000710200000| Untracked |  0
| 111|0x0000000710400000, 0x00000007105c70e0, 0x0000000710600000| 88%| S|CS|TAMS 0x0000000710400000| PB 0x0000000710400000| Complete |  0
| 112|0x0000000710600000, 0x0000000710600000, 0x0000000710800000|  0%| F|  |TAMS 0x0000000710600000| PB 0x0000000710600000| Untracked |  0
| 113|0x0000000710800000, 0x0000000710800000, 0x0000000710a00000|  0%| F|  |TAMS 0x0000000710800000| PB 0x0000000710800000| Untracked |  0
| 114|0x0000000710a00000, 0x0000000710a00000, 0x0000000710c00000|  0%| F|  |TAMS 0x0000000710a00000| PB 0x0000000710a00000| Untracked |  0
| 115|0x0000000710c00000, 0x0000000710c00000, 0x0000000710e00000|  0%| F|  |TAMS 0x0000000710c00000| PB 0x0000000710c00000| Untracked |  0
| 116|0x0000000710e00000, 0x0000000710e00000, 0x0000000711000000|  0%| F|  |TAMS 0x0000000710e00000| PB 0x0000000710e00000| Untracked |  0
| 117|0x0000000711000000, 0x0000000711000000, 0x0000000711200000|  0%| F|  |TAMS 0x0000000711000000| PB 0x0000000711000000| Untracked |  0
| 118|0x0000000711200000, 0x0000000711400000, 0x0000000711400000|100%| E|  |TAMS 0x0000000711200000| PB 0x0000000711200000| Complete |  0
| 119|0x0000000711400000, 0x0000000711600000, 0x0000000711600000|100%| E|CS|TAMS 0x0000000711400000| PB 0x0000000711400000| Complete |  0
| 120|0x0000000711600000, 0x0000000711800000, 0x0000000711800000|100%| E|CS|TAMS 0x0000000711600000| PB 0x0000000711600000| Complete |  0
| 121|0x0000000711800000, 0x0000000711a00000, 0x0000000711a00000|100%| E|CS|TAMS 0x0000000711800000| PB 0x0000000711800000| Complete |  0
| 122|0x0000000711a00000, 0x0000000711c00000, 0x0000000711c00000|100%| E|CS|TAMS 0x0000000711a00000| PB 0x0000000711a00000| Complete |  0
| 123|0x0000000711c00000, 0x0000000711e00000, 0x0000000711e00000|100%| E|CS|TAMS 0x0000000711c00000| PB 0x0000000711c00000| Complete |  0
| 124|0x0000000711e00000, 0x0000000712000000, 0x0000000712000000|100%| E|CS|TAMS 0x0000000711e00000| PB 0x0000000711e00000| Complete |  0
| 125|0x0000000712000000, 0x0000000712200000, 0x0000000712200000|100%| E|CS|TAMS 0x0000000712000000| PB 0x0000000712000000| Complete |  0
| 126|0x0000000712200000, 0x0000000712400000, 0x0000000712400000|100%| E|CS|TAMS 0x0000000712200000| PB 0x0000000712200000| Complete |  0

Card table byte_map: [0x0000021fbf070000,0x0000021fbf860000] _byte_map_base: 0x0000021fbb85d000

Marking Bits: (CMBitMap*) 0x0000021fa7263ca0
 Bits: [0x0000021fbf860000, 0x0000021fc37c8000)

Polling page: 0x0000021fa5200000

Metaspace:

Usage:
  Non-class:     13.73 MB used.
      Class:      1.91 MB used.
       Both:     15.64 MB used.

Virtual space:
  Non-class space:       64.00 MB reserved,      13.88 MB ( 22%) committed,  1 nodes.
      Class space:        1.00 GB reserved,       2.00 MB ( <1%) committed,  1 nodes.
             Both:        1.06 GB reserved,      15.88 MB (  1%) committed. 

Chunk freelists:
   Non-Class:  2.04 MB
       Class:  14.00 MB
        Both:  16.05 MB

MaxMetaspaceSize: unlimited
CompressedClassSpaceSize: 1.00 GB
Initial GC threshold: 21.00 MB
Current GC threshold: 21.00 MB
CDS: on
 - commit_granule_bytes: 65536.
 - commit_granule_words: 8192.
 - virtual_space_node_default_size: 8388608.
 - enlarge_chunks_in_place: 1.
 - use_allocation_guard: 0.


Internal statistics:

num_allocs_failed_limit: 0.
num_arena_births: 184.
num_arena_deaths: 0.
num_vsnodes_births: 2.
num_vsnodes_deaths: 0.
num_space_committed: 255.
num_space_uncommitted: 0.
num_chunks_returned_to_freelist: 0.
num_chunks_taken_from_freelist: 638.
num_chunk_merges: 0.
num_chunk_splits: 425.
num_chunks_enlarged: 327.
num_inconsistent_stats: 0.

CodeHeap 'non-profiled nmethods': size=120000Kb used=872Kb max_used=872Kb free=119127Kb
 bounds [0x0000021fb7020000, 0x0000021fb7290000, 0x0000021fbe550000]
CodeHeap 'profiled nmethods': size=120000Kb used=4535Kb max_used=4535Kb free=115464Kb
 bounds [0x0000021faf550000, 0x0000021faf9c0000, 0x0000021fb6a80000]
CodeHeap 'non-nmethods': size=5760Kb used=1442Kb max_used=1474Kb free=4318Kb
 bounds [0x0000021fb6a80000, 0x0000021fb6cf0000, 0x0000021fb7020000]
 total_blobs=2896 nmethods=2371 adapters=429
 compilation: enabled
              stopped_count=0, restarted_count=0
 full_count=0

Compilation events (20 events):
Event: 3.220 Thread 0x0000021fc6251ef0 2161       3       java.lang.invoke.DirectMethodHandle$Holder::invokeSpecial (14 bytes)
Event: 3.220 Thread 0x0000021fc6251ef0 nmethod 2161 0x0000021faf94fd90 code [0x0000021faf94ff60, 0x0000021faf950370]
Event: 3.220 Thread 0x0000021fc6251ef0 2162       3       java.util.HashMap::entrySet (27 bytes)
Event: 3.221 Thread 0x0000021fc6251ef0 nmethod 2162 0x0000021faf950490 code [0x0000021faf950660, 0x0000021faf950a78]
Event: 3.221 Thread 0x0000021fc6251ef0 2163       3       java.util.HashMap$EntrySet::iterator (12 bytes)
Event: 3.221 Thread 0x000002200c8676b0 nmethod 2154 0x0000021fb70e8990 code [0x0000021fb70e8b60, 0x0000021fb70e8f40]
Event: 3.221 Thread 0x0000021fc6251ef0 nmethod 2163 0x0000021faf950c10 code [0x0000021faf950dc0, 0x0000021faf950fd0]
Event: 3.221 Thread 0x000002200c8676b0 2164       4       java.lang.invoke.MethodType::makeImpl (109 bytes)
Event: 3.222 Thread 0x0000021fc6251ef0 2166       3       jdk.internal.org.objectweb.asm.MethodWriter::visitAnnotation (40 bytes)
Event: 3.222 Thread 0x0000021fc6251ef0 nmethod 2166 0x0000021faf951110 code [0x0000021faf9512e0, 0x0000021faf9515a8]
Event: 3.222 Thread 0x0000021fc6251ef0 2167       3       jdk.internal.org.objectweb.asm.AnnotationWriter::create (34 bytes)
Event: 3.223 Thread 0x0000021fc6251ef0 nmethod 2167 0x0000021faf951690 code [0x0000021faf951880, 0x0000021faf951d48]
Event: 3.223 Thread 0x0000021fc6251ef0 2168       3       jdk.internal.org.objectweb.asm.AnnotationWriter::visitEnd (44 bytes)
Event: 3.223 Thread 0x0000021fc6251ef0 nmethod 2168 0x0000021faf951f90 code [0x0000021faf952120, 0x0000021faf9522c8]
Event: 3.239 Thread 0x0000021fc6251ef0 2170       1       java.lang.ClassLoader::getUnnamedModule (5 bytes)
Event: 3.239 Thread 0x0000021fc6251ef0 nmethod 2170 0x0000021fb70e9310 code [0x0000021fb70e94a0, 0x0000021fb70e9570]
Event: 3.243 Thread 0x0000021fc6251ef0 2171       3       java.util.concurrent.locks.ReentrantLock::<init> (16 bytes)
Event: 3.244 Thread 0x0000021fc6251ef0 nmethod 2171 0x0000021faf952410 code [0x0000021faf9525e0, 0x0000021faf9529e0]
Event: 3.244 Thread 0x0000021fc6251ef0 2172       3       java.util.concurrent.locks.ReentrantLock$NonfairSync::<init> (5 bytes)
Event: 3.244 Thread 0x0000021fc6251ef0 nmethod 2172 0x0000021faf952b90 code [0x0000021faf952d40, 0x0000021faf952fc0]

GC Heap History (4 events):
Event: 1.397 GC heap before
{Heap before GC invocations=0 (full 0):
 garbage-first heap   total reserved 4155392K, committed 260096K, used 22528K [0x0000000702600000, 0x0000000800000000)
  region size 2048K, 12 young (24576K), 0 survivors (0K)
 Metaspace       used 5167K, committed 5376K, reserved 1114112K
  class space    used 599K, committed 704K, reserved 1048576K
}
Event: 1.410 GC heap after
{Heap after GC invocations=1 (full 0):
 garbage-first heap   total reserved 4155392K, committed 260096K, used 7025K [0x0000000702600000, 0x0000000800000000)
  region size 2048K, 2 young (4096K), 2 survivors (4096K)
 Metaspace       used 5167K, committed 5376K, reserved 1114112K
  class space    used 599K, committed 704K, reserved 1048576K
}
Event: 2.766 GC heap before
{Heap before GC invocations=1 (full 0):
 garbage-first heap   total reserved 4155392K, committed 260096K, used 31601K [0x0000000702600000, 0x0000000800000000)
  region size 2048K, 15 young (30720K), 2 survivors (4096K)
 Metaspace       used 11645K, committed 11840K, reserved 1114112K
  class space    used 1435K, committed 1536K, reserved 1048576K
}
Event: 2.774 GC heap after
{Heap after GC invocations=2 (full 0):
 garbage-first heap   total reserved 4155392K, committed 260096K, used 9061K [0x0000000702600000, 0x0000000800000000)
  region size 2048K, 1 young (2048K), 1 survivors (2048K)
 Metaspace       used 11645K, committed 11840K, reserved 1114112K
  class space    used 1435K, committed 1536K, reserved 1048576K
}

Dll operation events (8 events):
Event: 0.019 Loaded shared library C:\Program Files\Java\jdk-22.0.2\bin\java.dll
Event: 0.076 Loaded shared library C:\Program Files\Java\jdk-22.0.2\bin\jsvml.dll
Event: 0.107 Loaded shared library C:\Program Files\Java\jdk-22.0.2\bin\net.dll
Event: 0.112 Loaded shared library C:\Program Files\Java\jdk-22.0.2\bin\nio.dll
Event: 0.118 Loaded shared library C:\Program Files\Java\jdk-22.0.2\bin\zip.dll
Event: 0.254 Loaded shared library C:\Program Files\Java\jdk-22.0.2\bin\management.dll
Event: 0.267 Loaded shared library C:\Program Files\Java\jdk-22.0.2\bin\management_ext.dll
Event: 0.325 Loaded shared library C:\Program Files\Java\jdk-22.0.2\bin\jimage.dll

Deoptimization events (20 events):
Event: 3.168 Thread 0x0000021fa509fd50 Uncommon trap: trap_request=0xffffffde fr.pc=0x0000021fb70bfa84 relative=0x0000000000000444
Event: 3.168 Thread 0x0000021fa509fd50 Uncommon trap: reason=class_check action=maybe_recompile pc=0x0000021fb70bfa84 method=java.lang.String.<init>(Ljava/lang/AbstractStringBuilder;Ljava/lang/Void;)V @ 10 c2
Event: 3.168 Thread 0x0000021fa509fd50 DEOPT PACKING pc=0x0000021fb70bfa84 sp=0x000000fedeefc870
Event: 3.168 Thread 0x0000021fa509fd50 DEOPT UNPACKING pc=0x0000021fb6ad46a2 sp=0x000000fedeefc840 mode 2
Event: 3.172 Thread 0x0000021fa509fd50 Uncommon trap: trap_request=0xffffffde fr.pc=0x0000021fb70bfa84 relative=0x0000000000000444
Event: 3.172 Thread 0x0000021fa509fd50 Uncommon trap: reason=class_check action=maybe_recompile pc=0x0000021fb70bfa84 method=java.lang.String.<init>(Ljava/lang/AbstractStringBuilder;Ljava/lang/Void;)V @ 10 c2
Event: 3.172 Thread 0x0000021fa509fd50 DEOPT PACKING pc=0x0000021fb70bfa84 sp=0x000000fedeefc870
Event: 3.172 Thread 0x0000021fa509fd50 DEOPT UNPACKING pc=0x0000021fb6ad46a2 sp=0x000000fedeefc840 mode 2
Event: 3.172 Thread 0x0000021fa509fd50 Uncommon trap: trap_request=0xffffffde fr.pc=0x0000021fb70bfa84 relative=0x0000000000000444
Event: 3.172 Thread 0x0000021fa509fd50 Uncommon trap: reason=class_check action=maybe_recompile pc=0x0000021fb70bfa84 method=java.lang.String.<init>(Ljava/lang/AbstractStringBuilder;Ljava/lang/Void;)V @ 10 c2
Event: 3.172 Thread 0x0000021fa509fd50 DEOPT PACKING pc=0x0000021fb70bfa84 sp=0x000000fedeefc870
Event: 3.172 Thread 0x0000021fa509fd50 DEOPT UNPACKING pc=0x0000021fb6ad46a2 sp=0x000000fedeefc840 mode 2
Event: 3.173 Thread 0x0000021fa509fd50 Uncommon trap: trap_request=0xffffffde fr.pc=0x0000021fb70bfa84 relative=0x0000000000000444
Event: 3.173 Thread 0x0000021fa509fd50 Uncommon trap: reason=class_check action=maybe_recompile pc=0x0000021fb70bfa84 method=java.lang.String.<init>(Ljava/lang/AbstractStringBuilder;Ljava/lang/Void;)V @ 10 c2
Event: 3.173 Thread 0x0000021fa509fd50 DEOPT PACKING pc=0x0000021fb70bfa84 sp=0x000000fedeefc870
Event: 3.173 Thread 0x0000021fa509fd50 DEOPT UNPACKING pc=0x0000021fb6ad46a2 sp=0x000000fedeefc840 mode 2
Event: 3.199 Thread 0x0000021fa509fd50 Uncommon trap: trap_request=0xffffff45 fr.pc=0x0000021fb70a832c relative=0x000000000000076c
Event: 3.199 Thread 0x0000021fa509fd50 Uncommon trap: reason=unstable_if action=reinterpret pc=0x0000021fb70a832c method=java.util.ArrayList.grow(I)[Ljava/lang/Object; @ 17 c2
Event: 3.199 Thread 0x0000021fa509fd50 DEOPT PACKING pc=0x0000021fb70a832c sp=0x000000fedeefcb90
Event: 3.199 Thread 0x0000021fa509fd50 DEOPT UNPACKING pc=0x0000021fb6ad46a2 sp=0x000000fedeefca28 mode 2

Classes loaded (20 events):
Event: 3.259 Loading class java/nio/file/ProviderMismatchException
Event: 3.259 Loading class java/nio/file/ProviderMismatchException done
Event: 3.259 Loading class java/nio/file/FileStore
Event: 3.259 Loading class java/nio/file/FileStore done
Event: 3.260 Loading class java/nio/channels/AsynchronousFileChannel
Event: 3.260 Loading class java/nio/channels/AsynchronousFileChannel done
Event: 3.260 Loading class jdk/internal/jrtfs/JrtFileSystemProvider
Event: 3.260 Loading class jdk/internal/jrtfs/JrtFileSystemProvider done
Event: 3.261 Loading class sun/net/www/protocol/jrt/JavaRuntimeURLConnection
Event: 3.261 Loading class sun/net/www/protocol/jrt/JavaRuntimeURLConnection done
Event: 3.261 Loading class sun/net/www/protocol/jrt/JavaRuntimeURLConnection$1
Event: 3.261 Loading class sun/net/www/protocol/jrt/JavaRuntimeURLConnection$1 done
Event: 3.261 Loading class jdk/internal/jimage/ImageBufferCache
Event: 3.262 Loading class jdk/internal/jimage/ImageBufferCache done
Event: 3.262 Loading class jdk/internal/jimage/ImageBufferCache$1
Event: 3.262 Loading class jdk/internal/jimage/ImageBufferCache$1 done
Event: 3.262 Loading class jdk/internal/jimage/ImageBufferCache$2
Event: 3.262 Loading class jdk/internal/jimage/ImageBufferCache$2 done
Event: 3.263 Loading class sun/nio/fs/WindowsLinkSupport
Event: 3.263 Loading class sun/nio/fs/WindowsLinkSupport done

Classes unloaded (0 events):
No events

Classes redefined (0 events):
No events

Internal exceptions (20 events):
Event: 2.142 Thread 0x0000021fa509fd50 Exception <a 'java/lang/NoSuchMethodError'{0x0000000711c26210}: 'java.lang.Object java.lang.invoke.DirectMethodHandle$Holder.invokeStatic(java.lang.Object, java.lang.Object, int)'> (0x0000000711c26210) 
thrown [s\open\src\hotspot\share\interpreter\linkResolver.cpp, line 774]
Event: 2.162 Thread 0x0000021fa509fd50 Exception <a 'java/lang/NoSuchMethodError'{0x0000000711c59378}: 'long java.lang.invoke.DirectMethodHandle$Holder.invokeSpecial(java.lang.Object, java.lang.Object)'> (0x0000000711c59378) 
thrown [s\open\src\hotspot\share\interpreter\linkResolver.cpp, line 774]
Event: 2.163 Thread 0x0000021fa509fd50 Exception <a 'java/lang/NoSuchMethodError'{0x0000000711c5c7a0}: 'long java.lang.invoke.Invokers$Holder.invokeExact_MT(java.lang.Object, java.lang.Object)'> (0x0000000711c5c7a0) 
thrown [s\open\src\hotspot\share\interpreter\linkResolver.cpp, line 774]
Event: 2.252 Thread 0x0000021fa509fd50 Exception <a 'java/lang/NoSuchMethodError'{0x0000000711def718}: 'void java.lang.invoke.DirectMethodHandle$Holder.invokeInterface(java.lang.Object, java.lang.Object, java.lang.Object, java.lang.Object)'> (0x0000000711def718) 
thrown [s\open\src\hotspot\share\interpreter\linkResolver.cpp, line 774]
Event: 2.252 Thread 0x0000021fa509fd50 Exception <a 'java/lang/IncompatibleClassChangeError'{0x0000000711df2d70}: Found class java.lang.Object, but interface was expected> (0x0000000711df2d70) 
thrown [s\open\src\hotspot\share\interpreter\linkResolver.cpp, line 841]
Event: 2.260 Thread 0x0000021fa509fd50 Exception <a 'java/lang/NoSuchMethodError'{0x0000000711a0ee58}: 'void java.lang.invoke.DirectMethodHandle$Holder.invokeStatic(java.lang.Object, java.lang.Object, java.lang.Object, java.lang.Object)'> (0x0000000711a0ee58) 
thrown [s\open\src\hotspot\share\interpreter\linkResolver.cpp, line 774]
Event: 2.272 Thread 0x0000021fa509fd50 Exception <a 'java/lang/NoSuchMethodError'{0x0000000711a6d5a0}: 'java.lang.Object java.lang.invoke.DirectMethodHandle$Holder.invokeInterface(java.lang.Object, java.lang.Object, java.lang.Object)'> (0x0000000711a6d5a0) 
thrown [s\open\src\hotspot\share\interpreter\linkResolver.cpp, line 774]
Event: 2.295 Thread 0x0000021fa509fd50 Exception <a 'java/lang/NoSuchMethodError'{0x0000000711afa1e8}: 'int java.lang.invoke.DirectMethodHandle$Holder.invokeStatic(java.lang.Object, java.lang.Object, java.lang.Object, java.lang.Object, java.lang.Object)'> (0x0000000711afa1e8) 
thrown [s\open\src\hotspot\share\interpreter\linkResolver.cpp, line 774]
Event: 2.307 Thread 0x0000021fa509fd50 Exception <a 'java/lang/NoSuchMethodError'{0x0000000711b473e8}: 'java.lang.ClassLoader java.lang.Class.getClassLoader(java.lang.Class)'> (0x0000000711b473e8) 
thrown [s\open\src\hotspot\share\interpreter\linkResolver.cpp, line 774]
Event: 2.310 Thread 0x0000021fa509fd50 Exception <a 'java/lang/NoSuchMethodError'{0x0000000711b53c18}: 'void java.lang.invoke.DelegatingMethodHandle$Holder.delegate(java.lang.Object, java.lang.Object, int, java.lang.Object)'> (0x0000000711b53c18) 
thrown [s\open\src\hotspot\share\interpreter\linkResolver.cpp, line 774]
Event: 2.693 Thread 0x0000021fa509fd50 Exception <a 'java/lang/NoSuchMethodError'{0x00000007106296a8}: 'void java.lang.invoke.DirectMethodHandle$Holder.invokeVirtual(java.lang.Object, java.lang.Object, java.lang.Object, java.lang.Object)'> (0x00000007106296a8) 
thrown [s\open\src\hotspot\share\interpreter\linkResolver.cpp, line 774]
Event: 2.964 Thread 0x0000021fa509fd50 Exception <a 'java/lang/IncompatibleClassChangeError'{0x0000000711e12160}: Found class java.lang.Object, but interface was expected> (0x0000000711e12160) 
thrown [s\open\src\hotspot\share\interpreter\linkResolver.cpp, line 841]
Event: 3.143 Thread 0x0000021fa509fd50 Exception <a 'java/lang/NoSuchMethodError'{0x0000000711dbe1c8}: 'java.lang.Object java.lang.invoke.DirectMethodHandle$Holder.invokeStaticInit(java.lang.Object, java.lang.Object, java.lang.Object, int)'> (0x0000000711dbe1c8) 
thrown [s\open\src\hotspot\share\interpreter\linkResolver.cpp, line 774]
Event: 3.146 Thread 0x0000021fa509fd50 Exception <a 'java/lang/NoSuchMethodError'{0x0000000711dcc2e8}: 'java.lang.Object java.lang.invoke.DirectMethodHandle$Holder.invokeStatic(java.lang.Object, java.lang.Object, java.lang.Object, java.lang.Object, java.lang.Object, java.lang.Object, java.lang.Object, int)'> (0x0000000711dcc2e8) 
thrown [s\open\src\hotspot\share\interpreter\linkResolver.cpp, line 774]
Event: 3.146 Thread 0x0000021fa509fd50 Exception <a 'java/lang/NoSuchMethodError'{0x0000000711dd0940}: 'java.lang.Object java.lang.invoke.DirectMethodHandle$Holder.invokeStaticInit(java.lang.Object, java.lang.Object, java.lang.Object, java.lang.Object, java.lang.Object, java.lang.Object, java.lang.Object, int)'> (0x0000000711dd0940) 
thrown [s\open\src\hotspot\share\interpreter\linkResolver.cpp, line 774]
Event: 3.160 Thread 0x0000021fa509fd50 Exception <a 'java/lang/NoSuchMethodError'{0x0000000711a1ded8}: 'java.lang.Object java.lang.invoke.DirectMethodHandle$Holder.invokeSpecial(java.lang.Object, java.lang.Object, java.lang.Object, int, java.lang.Object)'> (0x0000000711a1ded8) 
thrown [s\open\src\hotspot\share\interpreter\linkResolver.cpp, line 774]
Event: 3.162 Thread 0x0000021fa509fd50 Exception <a 'java/lang/NoSuchMethodError'{0x0000000711a24f78}: 'java.lang.Object java.lang.invoke.DirectMethodHandle$Holder.newInvokeSpecial(java.lang.Object, java.lang.Object, java.lang.Object, int)'> (0x0000000711a24f78) 
thrown [s\open\src\hotspot\share\interpreter\linkResolver.cpp, line 774]
Event: 3.162 Thread 0x0000021fa509fd50 Exception <a 'java/lang/NoSuchMethodError'{0x0000000711a29530}: 'java.lang.Object java.lang.invoke.DirectMethodHandle$Holder.invokeSpecial(java.lang.Object, java.lang.Object, java.lang.Object, java.lang.Object, int)'> (0x0000000711a29530) 
thrown [s\open\src\hotspot\share\interpreter\linkResolver.cpp, line 774]
Event: 3.163 Thread 0x0000021fa509fd50 Exception <a 'java/lang/NoSuchMethodError'{0x0000000711a2d3e8}: 'java.lang.Object java.lang.invoke.Invokers$Holder.linkToTargetMethod(java.lang.Object, java.lang.Object, int, java.lang.Object)'> (0x0000000711a2d3e8) 
thrown [s\open\src\hotspot\share\interpreter\linkResolver.cpp, line 774]
Event: 3.175 Thread 0x0000021fa509fd50 Exception <a 'java/lang/IncompatibleClassChangeError'{0x0000000711a6ee68}: Found class java.lang.Object, but interface was expected> (0x0000000711a6ee68) 
thrown [s\open\src\hotspot\share\interpreter\linkResolver.cpp, line 841]

ZGC Phase Switch (0 events):
No events

VM Operations (20 events):
Event: 2.159 Executing VM operation: HandshakeAllThreads (Deoptimize)
Event: 2.159 Executing VM operation: HandshakeAllThreads (Deoptimize) done
Event: 2.713 Executing VM operation: HandshakeAllThreads (Deoptimize)
Event: 2.713 Executing VM operation: HandshakeAllThreads (Deoptimize) done
Event: 2.713 Executing VM operation: Cleanup
Event: 2.713 Executing VM operation: Cleanup done
Event: 2.720 Executing VM operation: HandshakeAllThreads (Deoptimize)
Event: 2.720 Executing VM operation: HandshakeAllThreads (Deoptimize) done
Event: 2.763 Executing VM operation: HandshakeAllThreads (Deoptimize)
Event: 2.764 Executing VM operation: HandshakeAllThreads (Deoptimize) done
Event: 2.766 Executing VM operation: G1CollectForAllocation (G1 Evacuation Pause)
Event: 2.774 Executing VM operation: G1CollectForAllocation (G1 Evacuation Pause) done
Event: 3.046 Executing VM operation: HandshakeAllThreads (Deoptimize)
Event: 3.046 Executing VM operation: HandshakeAllThreads (Deoptimize) done
Event: 3.221 Executing VM operation: ICBufferFull
Event: 3.222 Executing VM operation: ICBufferFull done
Event: 3.246 Executing VM operation: HandshakeAllThreads (Deoptimize)
Event: 3.246 Executing VM operation: HandshakeAllThreads (Deoptimize) done
Event: 3.258 Executing VM operation: HandshakeAllThreads (Deoptimize)
Event: 3.259 Executing VM operation: HandshakeAllThreads (Deoptimize) done

Memory protections (0 events):
No events

Nmethod flushes (0 events):
No events

Events (20 events):
Event: 0.046 Thread 0x0000021fa509fd50 Thread added: 0x0000021fa509fd50
Event: 0.070 Thread 0x0000021fa509fd50 Thread added: 0x0000021fc6217100
Event: 0.070 Thread 0x0000021fa509fd50 Thread added: 0x0000021fc6218020
Event: 0.071 Thread 0x0000021fa509fd50 Thread added: 0x0000021fc621b0b0
Event: 0.071 Thread 0x0000021fa509fd50 Thread added: 0x0000021fc62205c0
Event: 0.071 Thread 0x0000021fa509fd50 Thread added: 0x0000021fc6241290
Event: 0.071 Thread 0x0000021fa509fd50 Thread added: 0x0000021fc6242180
Event: 0.072 Thread 0x0000021fa509fd50 Thread added: 0x0000021fc624cf30
Event: 0.072 Thread 0x0000021fa509fd50 Thread added: 0x0000021fc6251ef0
Event: 0.100 Thread 0x0000021fa509fd50 Thread added: 0x0000021fc64c43a0
Event: 0.103 Thread 0x0000021fa509fd50 Thread added: 0x0000021fc64db560
Event: 0.369 Thread 0x0000021fc6251ef0 Thread added: 0x0000021fc66c2470
Event: 0.424 Thread 0x0000021fc66c2470 Thread added: 0x0000021fc6692f70
Event: 0.536 Thread 0x0000021fa509fd50 Thread added: 0x0000021fc6a780a0
Event: 0.563 Thread 0x0000021fa509fd50 Thread added: 0x0000021fc6a50290
Event: 2.008 Thread 0x0000021fc6692f70 Thread exited: 0x0000021fc6692f70
Event: 2.009 Thread 0x0000021fc66c2470 Thread exited: 0x0000021fc66c2470
Event: 2.220 Thread 0x0000021fc6251ef0 Thread added: 0x000002200c4ac180
Event: 2.413 Thread 0x000002200c4ac180 Thread exited: 0x000002200c4ac180
Event: 2.711 Thread 0x0000021fc6251ef0 Thread added: 0x000002200c8676b0


Dynamic libraries:
0x00007ff708950000 - 0x00007ff708960000 	C:\Program Files\Java\jdk-22.0.2\bin\java.exe
0x00007ffd65630000 - 0x00007ffd65847000 	C:\Windows\SYSTEM32\ntdll.dll
0x00007ffd64a30000 - 0x00007ffd64af4000 	C:\Windows\System32\KERNEL32.DLL
0x00007ffd62d90000 - 0x00007ffd6313d000 	C:\Windows\System32\KERNELBASE.dll
0x00007ffd62980000 - 0x00007ffd62a91000 	C:\Windows\System32\ucrtbase.dll
0x00007ffd42b70000 - 0x00007ffd42b8b000 	C:\Program Files\Java\jdk-22.0.2\bin\VCRUNTIME140.dll
0x00007ffd37ca0000 - 0x00007ffd37cb7000 	C:\Program Files\Java\jdk-22.0.2\bin\jli.dll
0x00007ffd64fc0000 - 0x00007ffd6516e000 	C:\Windows\System32\USER32.dll
0x00007ffd62950000 - 0x00007ffd62976000 	C:\Windows\System32\win32u.dll
0x00007ffd635e0000 - 0x00007ffd63609000 	C:\Windows\System32\GDI32.dll
0x00007ffd46b20000 - 0x00007ffd46db3000 	C:\Windows\WinSxS\amd64_microsoft.windows.common-controls_6595b64144ccf1df_6.0.22621.3672_none_2713b9d173822955\COMCTL32.dll
0x00007ffd62aa0000 - 0x00007ffd62bb9000 	C:\Windows\System32\gdi32full.dll
0x00007ffd64c20000 - 0x00007ffd64cc7000 	C:\Windows\System32\msvcrt.dll
0x00007ffd62cf0000 - 0x00007ffd62d8a000 	C:\Windows\System32\msvcp_win.dll
0x00007ffd64cd0000 - 0x00007ffd64d01000 	C:\Windows\System32\IMM32.DLL
0x00007ffd43f20000 - 0x00007ffd43f2c000 	C:\Program Files\Java\jdk-22.0.2\bin\vcruntime140_1.dll
0x00007ffd42820000 - 0x00007ffd428ae000 	C:\Program Files\Java\jdk-22.0.2\bin\msvcp140.dll
0x00007ffce2050000 - 0x00007ffce2d99000 	C:\Program Files\Java\jdk-22.0.2\bin\server\jvm.dll
0x00007ffd654b0000 - 0x00007ffd65562000 	C:\Windows\System32\ADVAPI32.dll
0x00007ffd64040000 - 0x00007ffd640e9000 	C:\Windows\System32\sechost.dll
0x00007ffd63330000 - 0x00007ffd63358000 	C:\Windows\System32\bcrypt.dll
0x00007ffd64ea0000 - 0x00007ffd64fb4000 	C:\Windows\System32\RPCRT4.dll
0x00007ffd65570000 - 0x00007ffd655e1000 	C:\Windows\System32\WS2_32.dll
0x00007ffd617a0000 - 0x00007ffd617ed000 	C:\Windows\SYSTEM32\POWRPROF.dll
0x00007ffd58fe0000 - 0x00007ffd58fea000 	C:\Windows\SYSTEM32\VERSION.dll
0x00007ffd476a0000 - 0x00007ffd476d4000 	C:\Windows\SYSTEM32\WINMM.dll
0x00007ffd61780000 - 0x00007ffd61793000 	C:\Windows\SYSTEM32\UMPDC.dll
0x00007ffd61a30000 - 0x00007ffd61a48000 	C:\Windows\SYSTEM32\kernel.appcore.dll
0x00007ffd591d0000 - 0x00007ffd591da000 	C:\Program Files\Java\jdk-22.0.2\bin\jimage.dll
0x00007ffd60400000 - 0x00007ffd60632000 	C:\Windows\SYSTEM32\DBGHELP.DLL
0x00007ffd64620000 - 0x00007ffd649ad000 	C:\Windows\System32\combase.dll
0x00007ffd64d20000 - 0x00007ffd64df7000 	C:\Windows\System32\OLEAUT32.dll
0x00007ffd54f10000 - 0x00007ffd54f42000 	C:\Windows\SYSTEM32\dbgcore.DLL
0x00007ffd632b0000 - 0x00007ffd6332b000 	C:\Windows\System32\bcryptPrimitives.dll
0x00007ffd53b00000 - 0x00007ffd53b1e000 	C:\Program Files\Java\jdk-22.0.2\bin\java.dll
0x00007ffd63610000 - 0x00007ffd63e78000 	C:\Windows\System32\SHELL32.dll
0x00007ffd63e80000 - 0x00007ffd64025000 	C:\Windows\System32\ole32.dll
0x00007ffd60860000 - 0x00007ffd6115e000 	C:\Windows\SYSTEM32\windows.storage.dll
0x00007ffd60720000 - 0x00007ffd6085f000 	C:\Windows\SYSTEM32\wintypes.dll
0x00007ffd63490000 - 0x00007ffd63589000 	C:\Windows\System32\SHCORE.dll
0x00007ffd64b60000 - 0x00007ffd64bbe000 	C:\Windows\System32\shlwapi.dll
0x00007ffd62880000 - 0x00007ffd628a1000 	C:\Windows\SYSTEM32\profapi.dll
0x00007ffd446e0000 - 0x00007ffd447b7000 	C:\Program Files\Java\jdk-22.0.2\bin\jsvml.dll
0x00007ffd53b50000 - 0x00007ffd53b60000 	C:\Program Files\Java\jdk-22.0.2\bin\net.dll
0x00007ffd61e90000 - 0x00007ffd61ef9000 	C:\Windows\system32\mswsock.dll
0x00007ffd496a0000 - 0x00007ffd496b6000 	C:\Program Files\Java\jdk-22.0.2\bin\nio.dll
0x00007ffd470e0000 - 0x00007ffd470f7000 	C:\Program Files\Java\jdk-22.0.2\bin\zip.dll
0x00007ffd537c0000 - 0x00007ffd537ca000 	C:\Program Files\Java\jdk-22.0.2\bin\management.dll
0x00007ffd41a20000 - 0x00007ffd41a2b000 	C:\Program Files\Java\jdk-22.0.2\bin\management_ext.dll
0x00007ffd63360000 - 0x00007ffd63368000 	C:\Windows\System32\PSAPI.DLL
0x00007ffd621e0000 - 0x00007ffd621fb000 	C:\Windows\SYSTEM32\CRYPTSP.dll
0x00007ffd61990000 - 0x00007ffd619c5000 	C:\Windows\system32\rsaenh.dll
0x00007ffd61f30000 - 0x00007ffd61f58000 	C:\Windows\SYSTEM32\USERENV.dll
0x00007ffd621c0000 - 0x00007ffd621cc000 	C:\Windows\SYSTEM32\CRYPTBASE.dll
0x00007ffd61430000 - 0x00007ffd6145d000 	C:\Windows\SYSTEM32\IPHLPAPI.DLL
0x00007ffd64e00000 - 0x00007ffd64e09000 	C:\Windows\System32\NSI.dll

dbghelp: loaded successfully - version: 4.0.5 - missing functions: none
symbol engine: initialized successfully - sym options: 0x614 - pdb path: .;C:\Program Files\Java\jdk-22.0.2\bin;C:\Windows\SYSTEM32;C:\Windows\WinSxS\amd64_microsoft.windows.common-controls_6595b64144ccf1df_6.0.22621.3672_none_2713b9d173822955;C:\Program Files\Java\jdk-22.0.2\bin\server

VM Arguments:
java_command: C:\Users\binit\AppData\Local\Temp\surefire11162340023686503705\surefirebooter-20240823000817464_3.jar C:\Users\binit\AppData\Local\Temp\surefire11162340023686503705 2024-08-23T00-08-17_074-jvmRun1 surefire-20240823000817464_1tmp surefire_0-20240823000817464_2tmp
java_class_path (initial): C:\Users\binit\AppData\Local\Temp\surefire11162340023686503705\surefirebooter-20240823000817464_3.jar
Launcher Type: SUN_STANDARD

[Global flags]
     intx CICompilerCount                          = 4                                         {product} {ergonomic}
     uint ConcGCThreads                            = 2                                         {product} {ergonomic}
     uint G1ConcRefinementThreads                  = 8                                         {product} {ergonomic}
   size_t G1HeapRegionSize                         = 2097152                                   {product} {ergonomic}
   size_t InitialHeapSize                          = 266338304                                 {product} {ergonomic}
   size_t MarkStackSize                            = 4194304                                   {product} {ergonomic}
   size_t MaxHeapSize                              = 4255121408                                {product} {ergonomic}
   size_t MaxNewSize                               = 2552233984                                {product} {ergonomic}
   size_t MinHeapDeltaBytes                        = 2097152                                   {product} {ergonomic}
   size_t MinHeapSize                              = 8388608                                   {product} {ergonomic}
    uintx NonNMethodCodeHeapSize                   = 5839372                                {pd product} {ergonomic}
    uintx NonProfiledCodeHeapSize                  = 122909434                              {pd product} {ergonomic}
    uintx ProfiledCodeHeapSize                     = 122909434                              {pd product} {ergonomic}
    uintx ReservedCodeCacheSize                    = 251658240                              {pd product} {ergonomic}
     bool SegmentedCodeCache                       = true                                      {product} {ergonomic}
   size_t SoftMaxHeapSize                          = 4255121408                             {manageable} {ergonomic}
     bool UseCompressedOops                        = true                           {product lp64_product} {ergonomic}
     bool UseG1GC                                  = true                                      {product} {ergonomic}
     bool UseLargePagesIndividualAllocation        = false                                  {pd product} {ergonomic}

Logging:
Log output configuration:
 #0: stdout all=warning uptime,level,tags foldmultilines=false
 #1: stderr all=off uptime,level,tags foldmultilines=false

Environment Variables:
JAVA_HOME=C:\Program Files\Java\jdk-22.0.2
PATH=C:\Windows\system32;C:\Windows;C:\Windows\System32\Wbem;C:\Windows\System32\WindowsPowerShell\v1.0\;C:\Windows\System32\OpenSSH\;C:\Program Files\Java\jdk-22.0.2\bin;C:\Program Files\Maven\apache-maven-3.8.8\bin;C:\Program Files\Git\cmd;C:\Users\binit\AppData\Local\Microsoft\WindowsApps;
USERNAME=binit
OS=Windows_NT
PROCESSOR_IDENTIFIER=Intel64 Family 6 Model 142 Stepping 10, GenuineIntel
TMP=C:\Users\binit\AppData\Local\Temp
TEMP=C:\Users\binit\AppData\Local\Temp




Periodic native trim disabled

---------------  S Y S T E M  ---------------

OS:
 Windows 11 , 64 bit Build 22621 (10.0.22621.3958)
OS uptime: 5 days 11:48 hours
Hyper-V role detected

CPU: total 8 (initial active 8) (4 cores per cpu, 2 threads per core) family 6 model 142 stepping 10 microcode 0xf4, cx8, cmov, fxsr, ht, mmx, 3dnowpref, sse, sse2, sse3, ssse3, sse4.1, sse4.2, popcnt, lzcnt, tsc, tscinvbit, avx, avx2, aes, erms, clmul, bmi1, bmi2, rtm, adx, fma, vzeroupper, clflush, clflushopt, hv, rdtscp, f16c
Processor Information for processor 0
  Max Mhz: 1896, Current Mhz: 1696, Mhz Limit: 1687
Processor Information for processor 1
  Max Mhz: 1896, Current Mhz: 1696, Mhz Limit: 1687
Processor Information for processor 2
  Max Mhz: 1896, Current Mhz: 1696, Mhz Limit: 1687
Processor Information for processor 3
  Max Mhz: 1896, Current Mhz: 1696, Mhz Limit: 1687
Processor Information for processor 4
  Max Mhz: 1896, Current Mhz: 1696, Mhz Limit: 1687
Processor Information for processor 5
  Max Mhz: 1896, Current Mhz: 1496, Mhz Limit: 1687
Processor Information for processor 6
  Max Mhz: 1896, Current Mhz: 1696, Mhz Limit: 1687
Processor Information for processor 7
  Max Mhz: 1896, Current Mhz: 1496, Mhz Limit: 1687

Memory: 4k page, system-wide physical 16227M (7973M free)
TotalPageFile size 17251M (AvailPageFile size 7122M)
current process WorkingSet (physical memory assigned to process): 681M, peak: 681M
current process commit charge ("private bytes"): 942M, peak: 942M

vm_info: Java HotSpot(TM) 64-Bit Server VM (22.0.2+9-70) for windows-amd64 JRE (22.0.2+9-70), built on 2024-06-04T16:52:23Z by "mach5one" with MS VC++ 17.6 (VS2022)

END.
